#
# A fatal error has been detected by the Java Runtime Environment:
#
#  EXCEPTION_ACCESS_VIOLATION (0xc0000005) at pc=0x000007feee14cffc, pid=5868, tid=0x0000000000001234
#
# JRE version: Java(TM) SE Runtime Environment (8.0_211-b12) (build 1.8.0_211-b12)
# Java VM: Java HotSpot(TM) 64-Bit Server VM (25.211-b12 mixed mode windows-amd64 compressed oops)
# Problematic frame:
# C  [lwjgl_nanovg.dll+0x1cffc]
#
# Failed to write core dump. Minidumps are not enabled by default on client versions of Windows
#
# If you would like to submit a bug report, please visit:
#   http://bugreport.java.com/bugreport/crash.jsp
# The crash happened outside the Java Virtual Machine in native code.
# See problematic frame for where to report the bug.
#

---------------  T H R E A D  ---------------

Current thread (0x000000000219f000):  JavaThread "main" [_thread_in_native, id=4660, stack(0x00000000021d0000,0x00000000022d0000)]

siginfo: ExceptionCode=0xc0000005, reading address 0x0000000057758428

Registers:
RAX=0x0000000000000438, RBX=0x00000000572cafa0, RCX=0x0000000000000100, RDX=0x0000000000000000
RSP=0x00000000022ced80, RBP=0x00000000572caf9f, RSI=0x0000000059dd3390, RDI=0x00000000022cee30
R8 =0x0000000000000000, R9 =0x00000000577582e0, R10=0x0000000000000144, R11=0x0000000000000100
R12=0x000000000000000c, R13=0x0000000059dc5f68, R14=0x0000000000000003, R15=0x00000000572caf9f
RIP=0x000007feee14cffc, EFLAGS=0x0000000000010202

Top of Stack: (sp=0x00000000022ced80)
0x00000000022ced80:   000000003f800000 000000003f800000
0x00000000022ced90:   000000003f800000 0000000000000007
0x00000000022ceda0:   cafebabecafebabe 0000000000000000
0x00000000022cedb0:   0000000042920000 0000000000000000
0x00000000022cedc0:   0000000043240000 0000000000000000
0x00000000022cedd0:   0000000059dc95e0 000007feee1618aa
0x00000000022cede0:   0000000000000000 00000000022ceee0
0x00000000022cedf0:   00000000572cafa0 0000000059dc5ee0
0x00000000022cee00:   00000000572caf9f 00000000572cafa0
0x00000000022cee10:   0000000000000002 000000006451d356
0x00000000022cee20:   000000003f800000 3f800000022cee90
0x00000000022cee30:   0000000000000000 0000000000000000
0x00000000022cee40:   0000000000000000 0000043800000000
0x00000000022cee50:   0000000059df0340 0000000000000000
0x00000000022cee60:   0000000000000000 0000000000000000
0x00000000022cee70:   0000000000000000 0000000000000000 

Instructions: (pc=0x000007feee14cffc)
0x000007feee14cfdc:   89 4f 1c f3 42 0f 2c 84 f6 84 50 00 00 66 89 47
0x000007feee14cfec:   1e 4d 63 51 24 4d 8b 49 08 0f bf c1 41 0f bf cb
0x000007feee14cffc:   43 0f b6 54 0a 04 66 0f 6e d0 0f 5b d2 41 0f bf
0x000007feee14d00c:   c3 0f af d0 43 0f b6 44 0a 05 f3 0f 5e 15 2e b0 


Register to memory mapping:

RAX=0x0000000000000438 is an unknown value
RBX=0x00000000572cafa0 is an unknown value
RCX=0x0000000000000100 is an unknown value
RDX=0x0000000000000000 is an unknown value
RSP=0x00000000022ced80 is pointing into the stack for thread: 0x000000000219f000
RBP=0x00000000572caf9f is an unknown value
RSI=0x0000000059dd3390 is an unknown value
RDI=0x00000000022cee30 is pointing into the stack for thread: 0x000000000219f000
R8 =0x0000000000000000 is an unknown value
R9 =0x00000000577582e0 is an unknown value
R10=0x0000000000000144 is an unknown value
R11=0x0000000000000100 is an unknown value
R12=0x000000000000000c is an unknown value
R13=0x0000000059dc5f68 is an unknown value
R14=0x0000000000000003 is an unknown value
R15=0x00000000572caf9f is an unknown value


Stack: [0x00000000021d0000,0x00000000022d0000],  sp=0x00000000022ced80,  free space=1019k
Native frames: (J=compiled Java code, j=interpreted, Vv=VM code, C=native code)
C  [lwjgl_nanovg.dll+0x1cffc]
C  [lwjgl_nanovg.dll+0x318aa]
C  0x0000000002698c27

Java frames: (J=compiled Java code, j=interpreted, Vv=VM code)
j  org.lwjgl.nanovg.NanoVG.nnvgText(JFFJJ)F+0
j  org.lwjgl.nanovg.NanoVG.nvgText(JFFLjava/lang/CharSequence;)F+51
j  com.lwjglwrapper.nanovg.NVGGraphics.text(Ljava/lang/String;FF)V+7
j  nrco.objs.Points.render()V+55
j  nrco.states.GameState.lambda$render$5(Lnrco/objs/Points;)V+1
j  nrco.states.GameState$$Lambda$54.accept(Ljava/lang/Object;)V+4
J 813 C1 java.util.ArrayList.forEach(Ljava/util/function/Consumer;)V (75 bytes) @ 0x00000000029a9f44 [0x00000000029a9d40+0x204]
j  nrco.states.GameState.render()V+92
j  com.lwjglwrapper.utils.states.GameStateLoop.render()V+22
j  nrco.MainGame.render()V+1
j  com.lwjglwrapper.display.Loop.run()V+113
j  nrco.MainGame.main([Ljava/lang/String;)V+7
v  ~StubRoutines::call_stub

---------------  P R O C E S S  ---------------

Java Threads: ( => current thread )
  0x0000000056402000 JavaThread "Service Thread" daemon [_thread_blocked, id=7000, stack(0x0000000057030000,0x0000000057130000)]
  0x00000000563fc800 JavaThread "C1 CompilerThread2" daemon [_thread_blocked, id=2460, stack(0x0000000056d40000,0x0000000056e40000)]
  0x0000000056395800 JavaThread "C2 CompilerThread1" daemon [_thread_blocked, id=4240, stack(0x0000000056c40000,0x0000000056d40000)]
  0x0000000054ecf000 JavaThread "C2 CompilerThread0" daemon [_thread_blocked, id=3652, stack(0x00000000569a0000,0x0000000056aa0000)]
  0x0000000054ece000 JavaThread "Attach Listener" daemon [_thread_blocked, id=6640, stack(0x0000000056b20000,0x0000000056c20000)]
  0x0000000054ebc800 JavaThread "Signal Dispatcher" daemon [_thread_blocked, id=5400, stack(0x0000000056860000,0x0000000056960000)]
  0x0000000054eaa800 JavaThread "Finalizer" daemon [_thread_blocked, id=6712, stack(0x0000000056290000,0x0000000056390000)]
  0x0000000054ea3800 JavaThread "Reference Handler" daemon [_thread_blocked, id=6212, stack(0x0000000056140000,0x0000000056240000)]
=>0x000000000219f000 JavaThread "main" [_thread_in_native, id=4660, stack(0x00000000021d0000,0x00000000022d0000)]

Other Threads:
  0x0000000054e5c000 VMThread [stack: 0x0000000055f60000,0x0000000056060000] [id=6088]
  0x0000000056425800 WatcherThread [stack: 0x0000000056f30000,0x0000000057030000] [id=4144]

VM state:not at safepoint (normal execution)

VM Mutex/Monitor currently owned by a thread: None

heap address: 0x00000000c0a00000, size: 1014 MB, Compressed Oops mode: 32-bit
Narrow klass base: 0x0000000000000000, Narrow klass shift: 0
Compressed class space size: 1073741824 Address: 0x00000000144d0000

Heap:
 PSYoungGen      total 18944K, used 4337K [0x00000000eae00000, 0x00000000ec300000, 0x0000000100000000)
  eden space 16384K, 10% used [0x00000000eae00000,0x00000000eafbf288,0x00000000ebe00000)
  from space 2560K, 99% used [0x00000000ebe00000,0x00000000ec07d178,0x00000000ec080000)
  to   space 2560K, 0% used [0x00000000ec080000,0x00000000ec080000,0x00000000ec300000)
 ParOldGen       total 44032K, used 1599K [0x00000000c0a00000, 0x00000000c3500000, 0x00000000eae00000)
  object space 44032K, 3% used [0x00000000c0a00000,0x00000000c0b8fdc8,0x00000000c3500000)
 Metaspace       used 10406K, capacity 10847K, committed 11136K, reserved 1058816K
  class space    used 924K, capacity 1038K, committed 1152K, reserved 1048576K

Card table byte_map: [0x0000000011a40000,0x0000000011c40000] byte_map_base: 0x000000001143b000

Marking Bits: (ParMarkBitMap*) 0x0000000064c35ce0
 Begin Bits: [0x0000000012320000, 0x00000000132f8000)
 End Bits:   [0x00000000132f8000, 0x00000000142d0000)

Polling page: 0x0000000000340000

CodeCache: size=245760Kb used=3500Kb max_used=3508Kb free=242260Kb
 bounds [0x0000000002680000, 0x00000000029f0000, 0x0000000011680000]
 total_blobs=1940 nmethods=947 adapters=906
 compilation: enabled

Compilation events (10 events):
Event: 5.209 Thread 0x00000000563fc800  942       3       com.lwjglwrapper.nanovg.NVGGraphics::circle (15 bytes)
Event: 5.209 Thread 0x00000000563fc800 nmethod 942 0x00000000029e9c90 code [0x00000000029e9e60, 0x00000000029ea478]
Event: 5.209 Thread 0x00000000563fc800  943       3       org.lwjgl.nanovg.NanoVG::nvgCircle (20 bytes)
Event: 5.209 Thread 0x00000000563fc800 nmethod 943 0x00000000029ea850 code [0x00000000029ea9e0, 0x00000000029eacb8]
Event: 5.257 Thread 0x0000000054ecf000  945       4       java.nio.Buffer::position (43 bytes)
Event: 5.258 Thread 0x0000000054ecf000 nmethod 945 0x00000000029edb10 code [0x00000000029edc40, 0x00000000029edcf8]
Event: 5.276 Thread 0x00000000563fc800  946       3       java.lang.Math::random (7 bytes)
Event: 5.276 Thread 0x00000000563fc800 nmethod 946 0x00000000029ed610 code [0x00000000029ed7c0, 0x00000000029eda38]
Event: 5.276 Thread 0x00000000563fc800  947       3       java.util.Random::nextDouble (24 bytes)
Event: 5.276 Thread 0x00000000563fc800 nmethod 947 0x00000000029ed190 code [0x00000000029ed320, 0x00000000029ed538]

GC Heap History (2 events):
Event: 1.182 GC heap before
{Heap before GC invocations=1 (full 0):
 PSYoungGen      total 18944K, used 16384K [0x00000000eae00000, 0x00000000ec300000, 0x0000000100000000)
  eden space 16384K, 100% used [0x00000000eae00000,0x00000000ebe00000,0x00000000ebe00000)
  from space 2560K, 0% used [0x00000000ec080000,0x00000000ec080000,0x00000000ec300000)
  to   space 2560K, 0% used [0x00000000ebe00000,0x00000000ebe00000,0x00000000ec080000)
 ParOldGen       total 44032K, used 0K [0x00000000c0a00000, 0x00000000c3500000, 0x00000000eae00000)
  object space 44032K, 0% used [0x00000000c0a00000,0x00000000c0a00000,0x00000000c3500000)
 Metaspace       used 9988K, capacity 10301K, committed 10496K, reserved 1058816K
  class space    used 891K, capacity 1021K, committed 1024K, reserved 1048576K
Event: 1.186 GC heap after
Heap after GC invocations=1 (full 0):
 PSYoungGen      total 18944K, used 2548K [0x00000000eae00000, 0x00000000ec300000, 0x0000000100000000)
  eden space 16384K, 0% used [0x00000000eae00000,0x00000000eae00000,0x00000000ebe00000)
  from space 2560K, 99% used [0x00000000ebe00000,0x00000000ec07d178,0x00000000ec080000)
  to   space 2560K, 0% used [0x00000000ec080000,0x00000000ec080000,0x00000000ec300000)
 ParOldGen       total 44032K, used 1599K [0x00000000c0a00000, 0x00000000c3500000, 0x00000000eae00000)
  object space 44032K, 3% used [0x00000000c0a00000,0x00000000c0b8fdc8,0x00000000c3500000)
 Metaspace       used 9988K, capacity 10301K, committed 10496K, reserved 1058816K
  class space    used 891K, capacity 1021K, committed 1024K, reserved 1048576K
}

Deoptimization events (0 events):
No events

Classes redefined (0 events):
No events

Internal exceptions (10 events):
Event: 0.208 Thread 0x000000000219f000 Exception <a 'java/lang/NoSuchFieldError': method resolution failed> (0x00000000eb0df3e0) thrown at [C:\re\workspace\8-2-build-windows-amd64-cygwin\jdk8u211\12973\hotspot\src\share\vm\prims\methodHandles.cpp, line 1167]
Event: 0.210 Thread 0x000000000219f000 Exception <a 'java/lang/NoSuchFieldError': method resolution failed> (0x00000000eb0ec7f0) thrown at [C:\re\workspace\8-2-build-windows-amd64-cygwin\jdk8u211\12973\hotspot\src\share\vm\prims\methodHandles.cpp, line 1167]
Event: 0.272 Thread 0x000000000219f000 Exception <a 'java/security/PrivilegedActionException'> (0x00000000eb2323d0) thrown at [C:\re\workspace\8-2-build-windows-amd64-cygwin\jdk8u211\12973\hotspot\src\share\vm\prims\jvm.cpp, line 1502]
Event: 0.272 Thread 0x000000000219f000 Exception <a 'java/security/PrivilegedActionException'> (0x00000000eb2325e0) thrown at [C:\re\workspace\8-2-build-windows-amd64-cygwin\jdk8u211\12973\hotspot\src\share\vm\prims\jvm.cpp, line 1502]
Event: 0.273 Thread 0x000000000219f000 Exception <a 'java/security/PrivilegedActionException'> (0x00000000eb2364f0) thrown at [C:\re\workspace\8-2-build-windows-amd64-cygwin\jdk8u211\12973\hotspot\src\share\vm\prims\jvm.cpp, line 1502]
Event: 0.273 Thread 0x000000000219f000 Exception <a 'java/security/PrivilegedActionException'> (0x00000000eb236700) thrown at [C:\re\workspace\8-2-build-windows-amd64-cygwin\jdk8u211\12973\hotspot\src\share\vm\prims\jvm.cpp, line 1502]
Event: 0.778 Thread 0x000000000219f000 Exception <a 'sun/nio/fs/WindowsException'> (0x00000000eb513fa8) thrown at [C:\re\workspace\8-2-build-windows-amd64-cygwin\jdk8u211\12973\hotspot\src\share\vm\prims\jni.cpp, line 710]
Event: 0.779 Thread 0x000000000219f000 Exception <a 'sun/nio/fs/WindowsException'> (0x00000000eb5147b8) thrown at [C:\re\workspace\8-2-build-windows-amd64-cygwin\jdk8u211\12973\hotspot\src\share\vm\prims\jni.cpp, line 710]
Event: 1.132 Thread 0x000000000219f000 Exception <a 'java/lang/NoSuchMethodError': java.lang.Object.lambda$static$0(Lcom/lwjglwrapper/nanovg/NVGGraphics;)V> (0x00000000ebcc6240) thrown at [C:\re\workspace\8-2-build-windows-amd64-cygwin\jdk8u211\12973\hotspot\src\share\vm\interpreter\linkResolv
Event: 1.271 Thread 0x000000000219f000 Exception <a 'java/io/FileNotFoundException'> (0x00000000eae92670) thrown at [C:\re\workspace\8-2-build-windows-amd64-cygwin\jdk8u211\12973\hotspot\src\share\vm\prims\jni.cpp, line 710]

Events (10 events):
Event: 3.505 loading class com/lwjglwrapper/display/Keyboard
Event: 3.505 loading class com/lwjglwrapper/display/Keyboard done
Event: 3.507 loading class com/lwjglwrapper/display/Mouse
Event: 3.507 loading class com/lwjglwrapper/display/Mouse done
Event: 3.873 loading class com/lwjglwrapper/display/Keyboard
Event: 3.873 loading class com/lwjglwrapper/display/Keyboard done
Event: 3.873 loading class com/lwjglwrapper/display/Mouse
Event: 3.873 loading class com/lwjglwrapper/display/Mouse done
Event: 4.272 Executing VM operation: EnableBiasedLocking
Event: 4.273 Executing VM operation: EnableBiasedLocking done


Dynamic libraries:
0x000000013f110000 - 0x000000013f147000 	C:\Program Files\Java\jdk1.8.0_211\bin\java.exe
0x0000000077640000 - 0x00000000777ea000 	C:\Windows\SYSTEM32\ntdll.dll
0x0000000077520000 - 0x000000007763f000 	C:\Windows\system32\kernel32.dll
0x000007fefd8f0000 - 0x000007fefd95a000 	C:\Windows\system32\KERNELBASE.dll
0x000007fefede0000 - 0x000007fefeebb000 	C:\Windows\system32\ADVAPI32.dll
0x000007feff500000 - 0x000007feff59f000 	C:\Windows\system32\msvcrt.dll
0x000007feff0d0000 - 0x000007feff0ef000 	C:\Windows\SYSTEM32\sechost.dll
0x000007feff7d0000 - 0x000007feff8fd000 	C:\Windows\system32\RPCRT4.dll
0x0000000077420000 - 0x000000007751a000 	C:\Windows\system32\USER32.dll
0x000007feff640000 - 0x000007feff6a7000 	C:\Windows\system32\GDI32.dll
0x000007fefecc0000 - 0x000007fefecce000 	C:\Windows\system32\LPK.dll
0x000007fefd9c0000 - 0x000007fefda8a000 	C:\Windows\system32\USP10.dll
0x000007fefb9a0000 - 0x000007fefbb94000 	C:\Windows\WinSxS\amd64_microsoft.windows.common-controls_6595b64144ccf1df_6.0.7601.18837_none_fa3b1e3d17594757\COMCTL32.dll
0x000007feff750000 - 0x000007feff7c1000 	C:\Windows\system32\SHLWAPI.dll
0x000007fefeb90000 - 0x000007fefebbe000 	C:\Windows\system32\IMM32.DLL
0x000007fefecd0000 - 0x000007fefedd9000 	C:\Windows\system32\MSCTF.dll
0x0000000064cc0000 - 0x0000000064d92000 	C:\Program Files\Java\jdk1.8.0_211\jre\bin\msvcr100.dll
0x0000000064410000 - 0x0000000064cb5000 	C:\Program Files\Java\jdk1.8.0_211\jre\bin\server\jvm.dll
0x000007fefa7e0000 - 0x000007fefa7e9000 	C:\Windows\system32\WSOCK32.dll
0x000007feff900000 - 0x000007feff94d000 	C:\Windows\system32\WS2_32.dll
0x000007fefdc10000 - 0x000007fefdc18000 	C:\Windows\system32\NSI.dll
0x000007fefad20000 - 0x000007fefad5b000 	C:\Windows\system32\WINMM.dll
0x000007fefc590000 - 0x000007fefc59c000 	C:\Windows\system32\VERSION.dll
0x0000000077800000 - 0x0000000077807000 	C:\Windows\system32\PSAPI.DLL
0x000007fefbcd0000 - 0x000007fefbcdf000 	C:\Program Files\Java\jdk1.8.0_211\jre\bin\verify.dll
0x000007fefa590000 - 0x000007fefa5b9000 	C:\Program Files\Java\jdk1.8.0_211\jre\bin\java.dll
0x000007fefa7c0000 - 0x000007fefa7d6000 	C:\Program Files\Java\jdk1.8.0_211\jre\bin\zip.dll
0x000007fefdc20000 - 0x000007fefe9a9000 	C:\Windows\system32\SHELL32.dll
0x000007fefeec0000 - 0x000007feff0c3000 	C:\Windows\system32\ole32.dll
0x000007fefd590000 - 0x000007fefd59f000 	C:\Windows\system32\profapi.dll
0x000007fefa570000 - 0x000007fefa58a000 	C:\Program Files\Java\jdk1.8.0_211\jre\bin\net.dll
0x000007fefda90000 - 0x000007fefdc08000 	C:\Windows\system32\urlmon.dll
0x000007feff0f0000 - 0x000007feff21a000 	C:\Windows\system32\WININET.dll
0x000007feff220000 - 0x000007feff479000 	C:\Windows\system32\iertutil.dll
0x000007fefebc0000 - 0x000007fefec98000 	C:\Windows\system32\OLEAUT32.dll
0x000007fefd780000 - 0x000007fefd8ed000 	C:\Windows\system32\CRYPT32.dll
0x000007fefd630000 - 0x000007fefd63f000 	C:\Windows\system32\MSASN1.dll
0x000007fefce00000 - 0x000007fefce55000 	C:\Windows\system32\mswsock.dll
0x000007fefcdf0000 - 0x000007fefcdf7000 	C:\Windows\System32\wship6.dll
0x000007fefa7a0000 - 0x000007fefa7b2000 	C:\Program Files\Java\jdk1.8.0_211\jre\bin\nio.dll
0x000007fef5d50000 - 0x000007fef5db3000 	C:\Users\Welcome\AppData\Local\Temp\lwjglWelcome\3.2.1-build-12\lwjgl.dll
0x000007fefc690000 - 0x000007fefc693000 	C:\Windows\system32\api-ms-win-core-synch-l1-2-0.DLL
0x000007fef3f20000 - 0x000007fef3f7e000 	C:\Users\Welcome\AppData\Local\Temp\lwjglWelcome\3.2.1-build-12\glfw.dll
0x000007fefb860000 - 0x000007fefb8b6000 	C:\Windows\system32\uxtheme.dll
0x000007fef5fd0000 - 0x000007fef600c000 	C:\Windows\system32\dinput8.dll
0x0000000001bf0000 - 0x0000000001c0e000 	C:\Windows\system32\xinput1_3.dll
0x000007fefe9b0000 - 0x000007fefeb87000 	C:\Windows\system32\SETUPAPI.dll
0x000007fefd6a0000 - 0x000007fefd6d6000 	C:\Windows\system32\CFGMGR32.dll
0x000007fefd640000 - 0x000007fefd65a000 	C:\Windows\system32\DEVOBJ.dll
0x000007fefaa80000 - 0x000007fefaa98000 	C:\Windows\system32\dwmapi.dll
0x000007fefb0d0000 - 0x000007fefb0db000 	C:\Windows\system32\HID.DLL
0x000007fefd660000 - 0x000007fefd69b000 	C:\Windows\system32\WINTRUST.dll
0x000007fef7e50000 - 0x000007fef7f6d000 	C:\Windows\system32\opengl32.dll
0x000007fefa4e0000 - 0x000007fefa50d000 	C:\Windows\system32\GLU32.dll
0x000007fefa3e0000 - 0x000007fefa4d1000 	C:\Windows\system32\DDRAW.dll
0x000007fefa550000 - 0x000007fefa558000 	C:\Windows\system32\DCIMAN32.dll
0x000000005fda0000 - 0x0000000061f7e000 	C:\Windows\system32\nvoglv64.DLL
0x000007fefc810000 - 0x000007fefc821000 	C:\Windows\system32\WTSAPI32.dll
0x000007fefc240000 - 0x000007fefc26d000 	C:\Windows\system32\ntmarta.dll
0x000007fefd960000 - 0x000007fefd9b2000 	C:\Windows\system32\WLDAP32.dll
0x000007feefbb0000 - 0x000007feefe04000 	C:\Windows\system32\nvspcap64.dll
0x000007fefc9b0000 - 0x000007fefc9ed000 	C:\Windows\system32\WINSTA.dll
0x000007fef1f90000 - 0x000007fef1fe8000 	C:\Users\Welcome\AppData\Local\Temp\lwjglWelcome\3.2.1-build-12\lwjgl_opengl.dll
0x000007fefd4c0000 - 0x000007fefd4cf000 	C:\Windows\system32\CRYPTBASE.dll
0x000007feee130000 - 0x000007feee1be000 	C:\Users\Welcome\AppData\Local\Temp\lwjglWelcome\3.2.1-build-12\lwjgl_nanovg.dll
0x000007feef8e0000 - 0x000007feef959000 	C:\Users\Welcome\AppData\Local\Temp\lwjglWelcome\3.2.1-build-12\lwjgl_stb.dll
0x000007fef40a0000 - 0x000007fef4239000 	C:\Program Files\Java\jdk1.8.0_211\jre\bin\awt.dll
0x000007fef29b0000 - 0x000007fef2ad5000 	C:\Windows\system32\dbghelp.dll

VM Arguments:
jvm_args: -Dfile.encoding=UTF-8 
java_command: nrco.MainGame
java_class_path (initial): D:\NGO DUY ANH\NetBeansProjects\NRCO_LWJGLRemake\lib\LWJGL\lwjgl-glfw.jar;D:\NGO DUY ANH\NetBeansProjects\NRCO_LWJGLRemake\lib\LWJGL\lwjgl-openal.jar;D:\NGO DUY ANH\NetBeansProjects\NRCO_LWJGLRemake\lib\LWJGL\lwjgl-opengl.jar;D:\NGO DUY ANH\NetBeansProjects\NRCO_LWJGLRemake\lib\LWJGL\lwjgl-stb.jar;D:\NGO DUY ANH\NetBeansProjects\NRCO_LWJGLRemake\lib\LWJGL\lwjgl.jar;D:\NGO DUY ANH\NetBeansProjects\NRCO_LWJGLRemake\lib\LWJGL\slick-util.jar;D:\NGO DUY ANH\NetBeansProjects\NRCO_LWJGLRemake\lib\LWJGL\lwjgl-assimp.jar;D:\NGO DUY ANH\NetBeansProjects\NRCO_LWJGLRemake\lib\LWJGL\lwjgl-assimp-natives-windows.jar;D:\NGO DUY ANH\NetBeansProjects\NRCO_LWJGLRemake\lib\LWJGL\lwjgl-glfw-natives-windows.jar;D:\NGO DUY ANH\NetBeansProjects\NRCO_LWJGLRemake\lib\LWJGL\lwjgl-natives-windows.jar;D:\NGO DUY ANH\NetBeansProjects\NRCO_LWJGLRemake\lib\LWJGL\lwjgl-openal-natives-windows.jar;D:\NGO DUY ANH\NetBeansProjects\NRCO_LWJGLRemake\lib\LWJGL\lwjgl-opengl-natives-windows.jar;D:\NGO DUY ANH\NetBeansProjects\NRCO_LWJGLRemake\lib\LWJGL\lwjgl-stb-natives-windows.jar;D:\NGO DUY ANH\NetBeansProjects\NRCO_LWJGLRemake\lib\LWJGL\joml-1.9.14.jar;D:\NGO DUY ANH\NetBeansProjects\NRCO_LWJGLRemake\lib\LWJGL\lwjgl-nanovg-natives-windows.jar;D:\NGO DUY ANH\NetBeansProjects\NRCO_LWJGLRemake\lib\LWJGL\lwjgl-nanovg.jar;D:\NGO DUY ANH\NetBeansProjects\NRCO_LWJGLRemake\lib\LWJGL\obj-0.3.0.jar;D:\NGO DUY ANH\NetBeansProjects\NRCO_LWJGLRemake\lib\LWJGL\tween-engine-api.jar;D:\NGO DUY ANH\NetBeansProjects\LWJGLWrapper\build\classes;D:\NGO DUY ANH\NetBeansProjects\NRCO_LWJGLRemake\build\classes
Launcher Type: SUN_STANDARD

Environment Variables:
PATH=C:\Programs;C:\Programs\ffmpeg-4.1.3-win64-static\bin\;C:\Program Files\Java\jdk1.8.0_211\bin;C:\Program Files\VideoLAN\VLC\;C:\Program Files\CMake\bin
USERNAME=Welcome
OS=Windows_NT
PROCESSOR_IDENTIFIER=Intel64 Family 6 Model 158 Stepping 9, GenuineIntel



---------------  S Y S T E M  ---------------

OS: Windows 7 , 64 bit Build 7601 (6.1.7601.23418)

CPU:total 4 (initial active 4) (2 cores per cpu, 2 threads per core) family 6 model 158 stepping 9, cmov, cx8, fxsr, mmx, sse, sse2, sse3, ssse3, sse4.1, sse4.2, popcnt, avx, avx2, aes, clmul, erms, 3dnowpref, lzcnt, ht, tsc, tscinvbit, bmi1, bmi2, adx

Memory: 4k page, physical 4152016k(1102572k free), swap 8302172k(2702500k free)

vm_info: Java HotSpot(TM) 64-Bit Server VM (25.211-b12) for windows-amd64 JRE (1.8.0_211-b12), built on Apr  1 2019 20:53:26 by "java_re" with MS VC++ 10.0 (VS2010)

time: Wed Jul 24 13:09:20 2019
timezone: SE Asia Standard Time
elapsed time: 6 seconds (0d 0h 0m 6s)

