#
# A fatal error has been detected by the Java Runtime Environment:
#
#  EXCEPTION_ACCESS_VIOLATION (0xc0000005) at pc=0x000007feef8e6984, pid=5956, tid=0x0000000000000c58
#
# JRE version: Java(TM) SE Runtime Environment (8.0_211-b12) (build 1.8.0_211-b12)
# Java VM: Java HotSpot(TM) 64-Bit Server VM (25.211-b12 mixed mode windows-amd64 compressed oops)
# Problematic frame:
# C  [lwjgl_nanovg.dll+0x16984]
#
# Failed to write core dump. Minidumps are not enabled by default on client versions of Windows
#
# If you would like to submit a bug report, please visit:
#   http://bugreport.java.com/bugreport/crash.jsp
# The crash happened outside the Java Virtual Machine in native code.
# See problematic frame for where to report the bug.
#

---------------  T H R E A D  ---------------

Current thread (0x000000000213f000):  JavaThread "main" [_thread_in_native, id=3160, stack(0x00000000022d0000,0x00000000023d0000)]

siginfo: ExceptionCode=0xc0000005, reading address 0x0000000057afc18c

Registers:
RAX=0x0000000000000100, RBX=0x0000000057af94f0, RCX=0x0000000059f901d0, RDX=0x0000000000000058
RSP=0x00000000023cee08, RBP=0x0000000059f901d0, RSI=0x0000000000002c9c, RDI=0x0000000000000000
R8 =0x0000000000000000, R9 =0x0000000000000058, R10=0x0000000000000438, R11=0x0000000059f901d0
R12=0x0000000000000058, R13=0x0000000000000100, R14=0x0000000000002c9c, R15=0x0000000059f901d0
RIP=0x000007feef8e6984, EFLAGS=0x0000000000010246

Top of Stack: (sp=0x00000000023cee08)
0x00000000023cee08:   0000000059f901d0 0000000000000000
0x00000000023cee18:   0000000000000001 0000000000000058
0x00000000023cee28:   000007feef8ec34f 0000000000000438
0x00000000023cee38:   0000000059f901d0 0000000059f73220
0x00000000023cee48:   0000000000000000 00000000023cefb0
0x00000000023cee58:   000000006453b6cc 00000000023cefb0
0x00000000023cee68:   0000000002138150 0000000014cceecd
0x00000000023cee78:   00000000000000ff 00000000026b21b9
0x00000000023cee88:   00000000646b926b 0000000000000002
0x00000000023cee98:   0000000000000000 0000000059f901d0
0x00000000023ceea8:   00000000000000cc 000000005b6b4298
0x00000000023ceeb8:   00000000646eca28 00000000023cefb0
0x00000000023ceec8:   00000000023cefb0 00000000ffffffff
0x00000000023ceed8:   000000006453b6cc 0000000064a08ac8
0x00000000023ceee8:   0000000000000000 0000000042ec0000
0x00000000023ceef8:   0000000000000000 00000000441da984 

Instructions: (pc=0x000007feef8e6984)
0x000007feef8e6964:   41 54 41 55 41 56 41 57 44 8b 71 34 41 bd 00 01
0x000007feef8e6974:   00 00 48 8b 59 08 41 8b f6 41 0f b7 c5 4c 63 ca
0x000007feef8e6984:   45 0f b6 1c 1e 44 0f af d8 41 0f b6 44 1e 01 66
0x000007feef8e6994:   44 03 d8 75 2b 41 0f b6 4c 1e 02 41 0f b6 44 1e 


Register to memory mapping:

RAX=0x0000000000000100 is an unknown value
RBX=0x0000000057af94f0 is an unknown value
RCX=0x0000000059f901d0 is an unknown value
RDX=0x0000000000000058 is an unknown value
RSP=0x00000000023cee08 is pointing into the stack for thread: 0x000000000213f000
RBP=0x0000000059f901d0 is an unknown value
RSI=0x0000000000002c9c is an unknown value
RDI=0x0000000000000000 is an unknown value
R8 =0x0000000000000000 is an unknown value
R9 =0x0000000000000058 is an unknown value
R10=0x0000000000000438 is an unknown value
R11=0x0000000059f901d0 is an unknown value
R12=0x0000000000000058 is an unknown value
R13=0x0000000000000100 is an unknown value
R14=0x0000000000002c9c is an unknown value
R15=0x0000000059f901d0 is an unknown value


Stack: [0x00000000022d0000,0x00000000023d0000],  sp=0x00000000023cee08,  free space=1019k
Native frames: (J=compiled Java code, j=interpreted, Vv=VM code, C=native code)
C  [lwjgl_nanovg.dll+0x16984]
C  [lwjgl_nanovg.dll+0x1c34f]
C  [lwjgl_nanovg.dll+0x1d4de]
C  [lwjgl_nanovg.dll+0x1d0a0]
C  [lwjgl_nanovg.dll+0x318aa]
C  0x00000000026b8c27

Java frames: (J=compiled Java code, j=interpreted, Vv=VM code)
j  org.lwjgl.nanovg.NanoVG.nnvgText(JFFJJ)F+0
j  org.lwjgl.nanovg.NanoVG.nvgText(JFFLjava/lang/CharSequence;)F+51
j  com.lwjglwrapper.nanovg.NVGGraphics.text(Ljava/lang/String;FF)V+7
j  nrco.objs.Points.render()V+62
j  nrco.states.GameState.lambda$render$5(Lnrco/objs/Points;)V+1
j  nrco.states.GameState$$Lambda$54.accept(Ljava/lang/Object;)V+4
J 778 C1 java.util.ArrayList.forEach(Ljava/util/function/Consumer;)V (75 bytes) @ 0x00000000029b2cc4 [0x00000000029b2ac0+0x204]
j  nrco.states.GameState.render()V+92
j  com.lwjglwrapper.utils.states.GameStateLoop.render()V+22
j  nrco.MainGame.render()V+1
j  com.lwjglwrapper.display.Loop.run()V+113
j  nrco.MainGame.main([Ljava/lang/String;)V+7
v  ~StubRoutines::call_stub

---------------  P R O C E S S  ---------------

Java Threads: ( => current thread )
  0x000000005648e800 JavaThread "Service Thread" daemon [_thread_blocked, id=3916, stack(0x0000000057130000,0x0000000057230000)]
  0x00000000563fd800 JavaThread "C1 CompilerThread2" daemon [_thread_blocked, id=4516, stack(0x0000000056ee0000,0x0000000056fe0000)]
  0x00000000563fc800 JavaThread "C2 CompilerThread1" daemon [_thread_blocked, id=3728, stack(0x0000000056960000,0x0000000056a60000)]
  0x00000000563f5800 JavaThread "C2 CompilerThread0" daemon [_thread_blocked, id=4188, stack(0x0000000056cf0000,0x0000000056df0000)]
  0x00000000563f2800 JavaThread "Attach Listener" daemon [_thread_blocked, id=2780, stack(0x0000000056ac0000,0x0000000056bc0000)]
  0x0000000054fdf800 JavaThread "Signal Dispatcher" daemon [_thread_blocked, id=5532, stack(0x0000000056850000,0x0000000056950000)]
  0x0000000054fca800 JavaThread "Finalizer" daemon [_thread_blocked, id=3820, stack(0x00000000562f0000,0x00000000563f0000)]
  0x0000000054fc3800 JavaThread "Reference Handler" daemon [_thread_blocked, id=5436, stack(0x0000000055ff0000,0x00000000560f0000)]
=>0x000000000213f000 JavaThread "main" [_thread_in_native, id=3160, stack(0x00000000022d0000,0x00000000023d0000)]

Other Threads:
  0x0000000054f7c000 VMThread [stack: 0x0000000056140000,0x0000000056240000] [id=6196]
  0x00000000564bc000 WatcherThread [stack: 0x00000000572c0000,0x00000000573c0000] [id=2956]

VM state:not at safepoint (normal execution)

VM Mutex/Monitor currently owned by a thread: None

heap address: 0x00000000c0a00000, size: 1014 MB, Compressed Oops mode: 32-bit
Narrow klass base: 0x0000000000000000, Narrow klass shift: 0
Compressed class space size: 1073741824 Address: 0x00000000145f0000

Heap:
 PSYoungGen      total 18944K, used 4023K [0x00000000eae00000, 0x00000000ec300000, 0x0000000100000000)
  eden space 16384K, 9% used [0x00000000eae00000,0x00000000eaf70b80,0x00000000ebe00000)
  from space 2560K, 99% used [0x00000000ebe00000,0x00000000ec07d198,0x00000000ec080000)
  to   space 2560K, 0% used [0x00000000ec080000,0x00000000ec080000,0x00000000ec300000)
 ParOldGen       total 44032K, used 1575K [0x00000000c0a00000, 0x00000000c3500000, 0x00000000eae00000)
  object space 44032K, 3% used [0x00000000c0a00000,0x00000000c0b89dc8,0x00000000c3500000)
 Metaspace       used 10390K, capacity 10767K, committed 11136K, reserved 1058816K
  class space    used 922K, capacity 1036K, committed 1152K, reserved 1048576K

Card table byte_map: [0x0000000011a60000,0x0000000011c60000] byte_map_base: 0x000000001145b000

Marking Bits: (ParMarkBitMap*) 0x0000000064c35ce0
 Begin Bits: [0x0000000012440000, 0x0000000013418000)
 End Bits:   [0x0000000013418000, 0x00000000143f0000)

Polling page: 0x0000000001c60000

CodeCache: size=245760Kb used=3427Kb max_used=3427Kb free=242332Kb
 bounds [0x00000000026a0000, 0x0000000002a00000, 0x00000000116a0000]
 total_blobs=1919 nmethods=926 adapters=906
 compilation: enabled

Compilation events (10 events):
Event: 7.273 Thread 0x00000000563fd800  921       3       org.lwjgl.nanovg.NanoVG::nvgBeginFrame (20 bytes)
Event: 7.273 Thread 0x00000000563fd800 nmethod 921 0x00000000029f8350 code [0x00000000029f84e0, 0x00000000029f87b8]
Event: 7.274 Thread 0x00000000563fd800  923       3       com.lwjglwrapper.nanovg.NVGGraphics::end (8 bytes)
Event: 7.274 Thread 0x00000000563fd800 nmethod 923 0x00000000029f8d90 code [0x00000000029f8f20, 0x00000000029f9258]
Event: 7.274 Thread 0x00000000563fd800  924       3       org.lwjgl.nanovg.NanoVG::nvgEndFrame (16 bytes)
Event: 7.274 Thread 0x00000000563fd800 nmethod 924 0x00000000029f9410 code [0x00000000029f95a0, 0x00000000029f9858]
Event: 7.286 Thread 0x00000000563fd800  925       3       org.joml.Vector2f::x (5 bytes)
Event: 7.286 Thread 0x00000000563fd800 nmethod 925 0x00000000029f9990 code [0x00000000029f9ae0, 0x00000000029f9c30]
Event: 7.286 Thread 0x00000000563fd800  926       3       org.joml.Vector2f::y (5 bytes)
Event: 7.286 Thread 0x00000000563fd800 nmethod 926 0x00000000029f9cd0 code [0x00000000029f9e20, 0x00000000029f9f70]

GC Heap History (2 events):
Event: 1.096 GC heap before
{Heap before GC invocations=1 (full 0):
 PSYoungGen      total 18944K, used 16384K [0x00000000eae00000, 0x00000000ec300000, 0x0000000100000000)
  eden space 16384K, 100% used [0x00000000eae00000,0x00000000ebe00000,0x00000000ebe00000)
  from space 2560K, 0% used [0x00000000ec080000,0x00000000ec080000,0x00000000ec300000)
  to   space 2560K, 0% used [0x00000000ebe00000,0x00000000ebe00000,0x00000000ec080000)
 ParOldGen       total 44032K, used 0K [0x00000000c0a00000, 0x00000000c3500000, 0x00000000eae00000)
  object space 44032K, 0% used [0x00000000c0a00000,0x00000000c0a00000,0x00000000c3500000)
 Metaspace       used 9989K, capacity 10301K, committed 10496K, reserved 1058816K
  class space    used 890K, capacity 1021K, committed 1024K, reserved 1048576K
Event: 1.099 GC heap after
Heap after GC invocations=1 (full 0):
 PSYoungGen      total 18944K, used 2548K [0x00000000eae00000, 0x00000000ec300000, 0x0000000100000000)
  eden space 16384K, 0% used [0x00000000eae00000,0x00000000eae00000,0x00000000ebe00000)
  from space 2560K, 99% used [0x00000000ebe00000,0x00000000ec07d198,0x00000000ec080000)
  to   space 2560K, 0% used [0x00000000ec080000,0x00000000ec080000,0x00000000ec300000)
 ParOldGen       total 44032K, used 1575K [0x00000000c0a00000, 0x00000000c3500000, 0x00000000eae00000)
  object space 44032K, 3% used [0x00000000c0a00000,0x00000000c0b89dc8,0x00000000c3500000)
 Metaspace       used 9989K, capacity 10301K, committed 10496K, reserved 1058816K
  class space    used 890K, capacity 1021K, committed 1024K, reserved 1048576K
}

Deoptimization events (0 events):
No events

Classes redefined (0 events):
No events

Internal exceptions (10 events):
Event: 0.188 Thread 0x000000000213f000 Exception <a 'java/lang/NoSuchFieldError': method resolution failed> (0x00000000eb0df108) thrown at [C:\re\workspace\8-2-build-windows-amd64-cygwin\jdk8u211\12973\hotspot\src\share\vm\prims\methodHandles.cpp, line 1167]
Event: 0.190 Thread 0x000000000213f000 Exception <a 'java/lang/NoSuchFieldError': method resolution failed> (0x00000000eb0ec538) thrown at [C:\re\workspace\8-2-build-windows-amd64-cygwin\jdk8u211\12973\hotspot\src\share\vm\prims\methodHandles.cpp, line 1167]
Event: 0.232 Thread 0x000000000213f000 Exception <a 'java/security/PrivilegedActionException'> (0x00000000eb2324c8) thrown at [C:\re\workspace\8-2-build-windows-amd64-cygwin\jdk8u211\12973\hotspot\src\share\vm\prims\jvm.cpp, line 1502]
Event: 0.232 Thread 0x000000000213f000 Exception <a 'java/security/PrivilegedActionException'> (0x00000000eb2326d8) thrown at [C:\re\workspace\8-2-build-windows-amd64-cygwin\jdk8u211\12973\hotspot\src\share\vm\prims\jvm.cpp, line 1502]
Event: 0.233 Thread 0x000000000213f000 Exception <a 'java/security/PrivilegedActionException'> (0x00000000eb2365e8) thrown at [C:\re\workspace\8-2-build-windows-amd64-cygwin\jdk8u211\12973\hotspot\src\share\vm\prims\jvm.cpp, line 1502]
Event: 0.233 Thread 0x000000000213f000 Exception <a 'java/security/PrivilegedActionException'> (0x00000000eb2367f8) thrown at [C:\re\workspace\8-2-build-windows-amd64-cygwin\jdk8u211\12973\hotspot\src\share\vm\prims\jvm.cpp, line 1502]
Event: 0.680 Thread 0x000000000213f000 Exception <a 'sun/nio/fs/WindowsException'> (0x00000000eb514078) thrown at [C:\re\workspace\8-2-build-windows-amd64-cygwin\jdk8u211\12973\hotspot\src\share\vm\prims\jni.cpp, line 710]
Event: 0.680 Thread 0x000000000213f000 Exception <a 'sun/nio/fs/WindowsException'> (0x00000000eb514888) thrown at [C:\re\workspace\8-2-build-windows-amd64-cygwin\jdk8u211\12973\hotspot\src\share\vm\prims\jni.cpp, line 710]
Event: 1.037 Thread 0x000000000213f000 Exception <a 'java/lang/NoSuchMethodError': java.lang.Object.lambda$static$0(Lcom/lwjglwrapper/nanovg/NVGGraphics;)V> (0x00000000ebcc6250) thrown at [C:\re\workspace\8-2-build-windows-amd64-cygwin\jdk8u211\12973\hotspot\src\share\vm\interpreter\linkResolv
Event: 6.323 Thread 0x000000000213f000 Exception <a 'java/io/FileNotFoundException'> (0x00000000eaf133e8) thrown at [C:\re\workspace\8-2-build-windows-amd64-cygwin\jdk8u211\12973\hotspot\src\share\vm\prims\jni.cpp, line 710]

Events (10 events):
Event: 6.327 loading class java/lang/ProcessEnvironment$CheckedEntry
Event: 6.327 loading class java/lang/ProcessEnvironment$CheckedEntry done
Event: 6.329 loading class java/awt/Insets
Event: 6.329 loading class java/awt/Insets done
Event: 6.329 loading class java/lang/StrictMath
Event: 6.330 loading class java/lang/StrictMath done
Event: 6.968 loading class com/lwjglwrapper/display/Keyboard
Event: 6.968 loading class com/lwjglwrapper/display/Keyboard done
Event: 6.969 loading class com/lwjglwrapper/display/Mouse
Event: 6.969 loading class com/lwjglwrapper/display/Mouse done


Dynamic libraries:
0x000000013f110000 - 0x000000013f147000 	C:\Program Files\Java\jdk1.8.0_211\bin\java.exe
0x0000000077640000 - 0x00000000777ea000 	C:\Windows\SYSTEM32\ntdll.dll
0x0000000077520000 - 0x000000007763f000 	C:\Windows\system32\kernel32.dll
0x000007fefd8f0000 - 0x000007fefd95a000 	C:\Windows\system32\KERNELBASE.dll
0x000007fefede0000 - 0x000007fefeebb000 	C:\Windows\system32\ADVAPI32.dll
0x000007feff500000 - 0x000007feff59f000 	C:\Windows\system32\msvcrt.dll
0x000007feff0d0000 - 0x000007feff0ef000 	C:\Windows\SYSTEM32\sechost.dll
0x000007feff7d0000 - 0x000007feff8fd000 	C:\Windows\system32\RPCRT4.dll
0x0000000077420000 - 0x000000007751a000 	C:\Windows\system32\USER32.dll
0x000007feff640000 - 0x000007feff6a7000 	C:\Windows\system32\GDI32.dll
0x000007fefecc0000 - 0x000007fefecce000 	C:\Windows\system32\LPK.dll
0x000007fefd9c0000 - 0x000007fefda8a000 	C:\Windows\system32\USP10.dll
0x000007fefb9a0000 - 0x000007fefbb94000 	C:\Windows\WinSxS\amd64_microsoft.windows.common-controls_6595b64144ccf1df_6.0.7601.18837_none_fa3b1e3d17594757\COMCTL32.dll
0x000007feff750000 - 0x000007feff7c1000 	C:\Windows\system32\SHLWAPI.dll
0x000007fefeb90000 - 0x000007fefebbe000 	C:\Windows\system32\IMM32.DLL
0x000007fefecd0000 - 0x000007fefedd9000 	C:\Windows\system32\MSCTF.dll
0x0000000064cc0000 - 0x0000000064d92000 	C:\Program Files\Java\jdk1.8.0_211\jre\bin\msvcr100.dll
0x0000000064410000 - 0x0000000064cb5000 	C:\Program Files\Java\jdk1.8.0_211\jre\bin\server\jvm.dll
0x000007fefa7e0000 - 0x000007fefa7e9000 	C:\Windows\system32\WSOCK32.dll
0x000007feff900000 - 0x000007feff94d000 	C:\Windows\system32\WS2_32.dll
0x000007fefdc10000 - 0x000007fefdc18000 	C:\Windows\system32\NSI.dll
0x000007fefad20000 - 0x000007fefad5b000 	C:\Windows\system32\WINMM.dll
0x000007fefc590000 - 0x000007fefc59c000 	C:\Windows\system32\VERSION.dll
0x0000000077800000 - 0x0000000077807000 	C:\Windows\system32\PSAPI.DLL
0x000007fefbcd0000 - 0x000007fefbcdf000 	C:\Program Files\Java\jdk1.8.0_211\jre\bin\verify.dll
0x000007fefa590000 - 0x000007fefa5b9000 	C:\Program Files\Java\jdk1.8.0_211\jre\bin\java.dll
0x000007fefa7c0000 - 0x000007fefa7d6000 	C:\Program Files\Java\jdk1.8.0_211\jre\bin\zip.dll
0x000007fefdc20000 - 0x000007fefe9a9000 	C:\Windows\system32\SHELL32.dll
0x000007fefeec0000 - 0x000007feff0c3000 	C:\Windows\system32\ole32.dll
0x000007fefd590000 - 0x000007fefd59f000 	C:\Windows\system32\profapi.dll
0x000007fefa570000 - 0x000007fefa58a000 	C:\Program Files\Java\jdk1.8.0_211\jre\bin\net.dll
0x000007fefda90000 - 0x000007fefdc08000 	C:\Windows\system32\urlmon.dll
0x000007feff0f0000 - 0x000007feff21a000 	C:\Windows\system32\WININET.dll
0x000007feff220000 - 0x000007feff479000 	C:\Windows\system32\iertutil.dll
0x000007fefebc0000 - 0x000007fefec98000 	C:\Windows\system32\OLEAUT32.dll
0x000007fefd780000 - 0x000007fefd8ed000 	C:\Windows\system32\CRYPT32.dll
0x000007fefd630000 - 0x000007fefd63f000 	C:\Windows\system32\MSASN1.dll
0x000007fefce00000 - 0x000007fefce55000 	C:\Windows\system32\mswsock.dll
0x000007fefcdf0000 - 0x000007fefcdf7000 	C:\Windows\System32\wship6.dll
0x000007fefa7a0000 - 0x000007fefa7b2000 	C:\Program Files\Java\jdk1.8.0_211\jre\bin\nio.dll
0x000007fef5d50000 - 0x000007fef5db3000 	C:\Users\Welcome\AppData\Local\Temp\lwjglWelcome\3.2.1-build-12\lwjgl.dll
0x000007fefc690000 - 0x000007fefc693000 	C:\Windows\system32\api-ms-win-core-synch-l1-2-0.DLL
0x000007fef65a0000 - 0x000007fef65fe000 	C:\Users\Welcome\AppData\Local\Temp\lwjglWelcome\3.2.1-build-12\glfw.dll
0x000007fefb860000 - 0x000007fefb8b6000 	C:\Windows\system32\uxtheme.dll
0x000007fef6420000 - 0x000007fef645c000 	C:\Windows\system32\dinput8.dll
0x0000000002140000 - 0x000000000215e000 	C:\Windows\system32\xinput1_3.dll
0x000007fefe9b0000 - 0x000007fefeb87000 	C:\Windows\system32\SETUPAPI.dll
0x000007fefd6a0000 - 0x000007fefd6d6000 	C:\Windows\system32\CFGMGR32.dll
0x000007fefd640000 - 0x000007fefd65a000 	C:\Windows\system32\DEVOBJ.dll
0x000007fefaa80000 - 0x000007fefaa98000 	C:\Windows\system32\dwmapi.dll
0x000007fefb0d0000 - 0x000007fefb0db000 	C:\Windows\system32\HID.DLL
0x000007fefd660000 - 0x000007fefd69b000 	C:\Windows\system32\WINTRUST.dll
0x000007fef7e50000 - 0x000007fef7f6d000 	C:\Windows\system32\opengl32.dll
0x000007fefa4e0000 - 0x000007fefa50d000 	C:\Windows\system32\GLU32.dll
0x000007fefa3e0000 - 0x000007fefa4d1000 	C:\Windows\system32\DDRAW.dll
0x000007fefa550000 - 0x000007fefa558000 	C:\Windows\system32\DCIMAN32.dll
0x000000005fda0000 - 0x0000000061f7e000 	C:\Windows\system32\nvoglv64.DLL
0x000007fefc810000 - 0x000007fefc821000 	C:\Windows\system32\WTSAPI32.dll
0x000007fefc240000 - 0x000007fefc26d000 	C:\Windows\system32\ntmarta.dll
0x000007fefd960000 - 0x000007fefd9b2000 	C:\Windows\system32\WLDAP32.dll
0x000007feefbb0000 - 0x000007feefe04000 	C:\Windows\system32\nvspcap64.dll
0x000007fefc9b0000 - 0x000007fefc9ed000 	C:\Windows\system32\WINSTA.dll
0x000007fef5fb0000 - 0x000007fef6008000 	C:\Users\Welcome\AppData\Local\Temp\lwjglWelcome\3.2.1-build-12\lwjgl_opengl.dll
0x000007fefd4c0000 - 0x000007fefd4cf000 	C:\Windows\system32\CRYPTBASE.dll
0x000007feef8d0000 - 0x000007feef95e000 	C:\Users\Welcome\AppData\Local\Temp\lwjglWelcome\3.2.1-build-12\lwjgl_nanovg.dll
0x000007fef4250000 - 0x000007fef42c9000 	C:\Users\Welcome\AppData\Local\Temp\lwjglWelcome\3.2.1-build-12\lwjgl_stb.dll
0x000007fef40a0000 - 0x000007fef4239000 	C:\Program Files\Java\jdk1.8.0_211\jre\bin\awt.dll
0x000007fef29b0000 - 0x000007fef2ad5000 	C:\Windows\system32\dbghelp.dll

VM Arguments:
jvm_args: -Dfile.encoding=UTF-8 
java_command: nrco.MainGame
java_class_path (initial): D:\NGO DUY ANH\NetBeansProjects\NRCO_LWJGLRemake\lib\LWJGL\lwjgl-glfw.jar;D:\NGO DUY ANH\NetBeansProjects\NRCO_LWJGLRemake\lib\LWJGL\lwjgl-openal.jar;D:\NGO DUY ANH\NetBeansProjects\NRCO_LWJGLRemake\lib\LWJGL\lwjgl-opengl.jar;D:\NGO DUY ANH\NetBeansProjects\NRCO_LWJGLRemake\lib\LWJGL\lwjgl-stb.jar;D:\NGO DUY ANH\NetBeansProjects\NRCO_LWJGLRemake\lib\LWJGL\lwjgl.jar;D:\NGO DUY ANH\NetBeansProjects\NRCO_LWJGLRemake\lib\LWJGL\slick-util.jar;D:\NGO DUY ANH\NetBeansProjects\NRCO_LWJGLRemake\lib\LWJGL\lwjgl-assimp.jar;D:\NGO DUY ANH\NetBeansProjects\NRCO_LWJGLRemake\lib\LWJGL\lwjgl-assimp-natives-windows.jar;D:\NGO DUY ANH\NetBeansProjects\NRCO_LWJGLRemake\lib\LWJGL\lwjgl-glfw-natives-windows.jar;D:\NGO DUY ANH\NetBeansProjects\NRCO_LWJGLRemake\lib\LWJGL\lwjgl-natives-windows.jar;D:\NGO DUY ANH\NetBeansProjects\NRCO_LWJGLRemake\lib\LWJGL\lwjgl-openal-natives-windows.jar;D:\NGO DUY ANH\NetBeansProjects\NRCO_LWJGLRemake\lib\LWJGL\lwjgl-opengl-natives-windows.jar;D:\NGO DUY ANH\NetBeansProjects\NRCO_LWJGLRemake\lib\LWJGL\lwjgl-stb-natives-windows.jar;D:\NGO DUY ANH\NetBeansProjects\NRCO_LWJGLRemake\lib\LWJGL\joml-1.9.14.jar;D:\NGO DUY ANH\NetBeansProjects\NRCO_LWJGLRemake\lib\LWJGL\lwjgl-nanovg-natives-windows.jar;D:\NGO DUY ANH\NetBeansProjects\NRCO_LWJGLRemake\lib\LWJGL\lwjgl-nanovg.jar;D:\NGO DUY ANH\NetBeansProjects\NRCO_LWJGLRemake\lib\LWJGL\obj-0.3.0.jar;D:\NGO DUY ANH\NetBeansProjects\NRCO_LWJGLRemake\lib\LWJGL\tween-engine-api.jar;D:\NGO DUY ANH\NetBeansProjects\LWJGLWrapper\build\classes;D:\NGO DUY ANH\NetBeansProjects\NRCO_LWJGLRemake\build\classes
Launcher Type: SUN_STANDARD

Environment Variables:
PATH=C:\Programs;C:\Programs\ffmpeg-4.1.3-win64-static\bin\;C:\Program Files\Java\jdk1.8.0_211\bin;C:\Program Files\VideoLAN\VLC\;C:\Program Files\CMake\bin
USERNAME=Welcome
OS=Windows_NT
PROCESSOR_IDENTIFIER=Intel64 Family 6 Model 158 Stepping 9, GenuineIntel



---------------  S Y S T E M  ---------------

OS: Windows 7 , 64 bit Build 7601 (6.1.7601.23418)

CPU:total 4 (initial active 4) (2 cores per cpu, 2 threads per core) family 6 model 158 stepping 9, cmov, cx8, fxsr, mmx, sse, sse2, sse3, ssse3, sse4.1, sse4.2, popcnt, avx, avx2, aes, clmul, erms, 3dnowpref, lzcnt, ht, tsc, tscinvbit, bmi1, bmi2, adx

Memory: 4k page, physical 4152016k(1092836k free), swap 8302172k(2734492k free)

vm_info: Java HotSpot(TM) 64-Bit Server VM (25.211-b12) for windows-amd64 JRE (1.8.0_211-b12), built on Apr  1 2019 20:53:26 by "java_re" with MS VC++ 10.0 (VS2010)

time: Wed Jul 24 12:48:50 2019
timezone: SE Asia Standard Time
elapsed time: 7 seconds (0d 0h 0m 7s)

