#
# A fatal error has been detected by the Java Runtime Environment:
#
#  EXCEPTION_ACCESS_VIOLATION (0xc0000005) at pc=0x000007feef8e91e4, pid=6504, tid=0x00000000000005d4
#
# JRE version: Java(TM) SE Runtime Environment (8.0_211-b12) (build 1.8.0_211-b12)
# Java VM: Java HotSpot(TM) 64-Bit Server VM (25.211-b12 mixed mode windows-amd64 compressed oops)
# Problematic frame:
# C  [lwjgl_nanovg.dll+0x191e4]
#
# Failed to write core dump. Minidumps are not enabled by default on client versions of Windows
#
# If you would like to submit a bug report, please visit:
#   http://bugreport.java.com/bugreport/crash.jsp
# The crash happened outside the Java Virtual Machine in native code.
# See problematic frame for where to report the bug.
#

---------------  T H R E A D  ---------------

Current thread (0x000000000219f000):  JavaThread "main" [_thread_in_native, id=1492, stack(0x0000000002310000,0x0000000002410000)]

siginfo: ExceptionCode=0xc0000005, reading address 0x0000000057404b1c

Registers:
RAX=0x0000000000000100, RBX=0x0000000000000016, RCX=0x0000000059ef8000, RDX=0x0000000000000016
RSP=0x000000000240e8b0, RBP=0x0000000000000100, RSI=0x0000000000000016, RDI=0x0000000000000000
R8 =0x0000000000000013, R9 =0x0000000057404b1c, R10=0x0000000000000438, R11=0x000000000240e990
R12=0x0000000059e83260, R13=0x0000000000000003, R14=0x0000000000000013, R15=0x0000000059e80300
RIP=0x000007feef8e91e4, EFLAGS=0x0000000000010202

Top of Stack: (sp=0x000000000240e8b0)
0x000000000240e8b0:   0000000000000010 0000000002070274
0x000000000240e8c0:   0000000002070560 000000007768db18
0x000000000240e8d0:   0000000000000000 0000000000000010
0x000000000240e8e0:   0000000059e80300 0000000000000000
0x000000000240e8f0:   0000000000000003 0000000059e83260
0x000000000240e900:   0000000000000000 0000000059ef8000
0x000000000240e910:   0000000000000000 000007feef8ecac8
0x000000000240e920:   0000000002190298 0000000000000016
0x000000000240e930:   0000000000000000 0000000000000010
0x000000000240e940:   0000000000000000 0000000000000000
0x000000000240e950:   000000004488c000 0000000000000000
0x000000000240e960:   000000003d6f1e2b 0000000000000000
0x000000000240e970:   00000000448d6000 0000000000000000
0x000000000240e980:   000000004488a000 0000000000000000
0x000000000240e990:   00000000425c0000 0000000000000000
0x000000000240e9a0:   0000000042e80000 0000000000000000 

Instructions: (pc=0x000007feef8e91e4)
0x000007feef8e91c4:   48 63 41 30 45 8b f0 8b f2 85 c0 0f 84 0b 04 00
0x000007feef8e91d4:   00 4c 8b c8 bd 00 01 00 00 4c 03 49 08 0f b7 c5
0x000007feef8e91e4:   45 0f b6 01 44 0f af c0 41 0f b6 41 01 66 44 03
0x000007feef8e91f4:   c0 66 41 83 f8 01 0f 85 e0 03 00 00 41 0f b6 51 


Register to memory mapping:

RAX=0x0000000000000100 is an unknown value
RBX=0x0000000000000016 is an unknown value
RCX=0x0000000059ef8000 is an unknown value
RDX=0x0000000000000016 is an unknown value
RSP=0x000000000240e8b0 is pointing into the stack for thread: 0x000000000219f000
RBP=0x0000000000000100 is an unknown value
RSI=0x0000000000000016 is an unknown value
RDI=0x0000000000000000 is an unknown value
R8 =0x0000000000000013 is an unknown value
R9 =0x0000000057404b1c is an unknown value
R10=0x0000000000000438 is an unknown value
R11=0x000000000240e990 is pointing into the stack for thread: 0x000000000219f000
R12=0x0000000059e83260 is an unknown value
R13=0x0000000000000003 is an unknown value
R14=0x0000000000000013 is an unknown value
R15=0x0000000059e80300 is an unknown value


Stack: [0x0000000002310000,0x0000000002410000],  sp=0x000000000240e8b0,  free space=1018k
Native frames: (J=compiled Java code, j=interpreted, Vv=VM code, C=native code)
C  [lwjgl_nanovg.dll+0x191e4]
C  [lwjgl_nanovg.dll+0x1cac8]
C  [lwjgl_nanovg.dll+0x1d53c]
C  [lwjgl_nanovg.dll+0x1d0a0]
C  [lwjgl_nanovg.dll+0x318aa]
C  0x0000000002a5ac0f

Java frames: (J=compiled Java code, j=interpreted, Vv=VM code)
J 974  org.lwjgl.nanovg.NanoVG.nnvgText(JFFJJ)F (0 bytes) @ 0x0000000002a5ab70 [0x0000000002a5aaa0+0xd0]
J 973 C1 org.lwjgl.nanovg.NanoVG.nvgText(JFFLjava/lang/CharSequence;)F (78 bytes) @ 0x0000000002a598ac [0x0000000002a59260+0x64c]
J 972 C1 com.lwjglwrapper.nanovg.NVGGraphics.text(Ljava/lang/String;FF)V (12 bytes) @ 0x0000000002a58e3c [0x0000000002a58dc0+0x7c]
j  nrco.objs.Points.render()V+55
J 970 C1 nrco.states.GameState$$Lambda$54.accept(Ljava/lang/Object;)V (8 bytes) @ 0x0000000002a54f6c [0x0000000002a54dc0+0x1ac]
J 806 C1 java.util.ArrayList.forEach(Ljava/util/function/Consumer;)V (75 bytes) @ 0x0000000002a05a44 [0x0000000002a05840+0x204]
j  nrco.states.GameState.render()V+92
j  com.lwjglwrapper.utils.states.GameStateLoop.render()V+22
j  nrco.MainGame.render()V+1
j  com.lwjglwrapper.display.Loop.run()V+113
j  nrco.MainGame.main([Ljava/lang/String;)V+7
v  ~StubRoutines::call_stub

---------------  P R O C E S S  ---------------

Java Threads: ( => current thread )
  0x00000000561da000 JavaThread "Service Thread" daemon [_thread_blocked, id=6624, stack(0x0000000056e80000,0x0000000056f80000)]
  0x000000005616b800 JavaThread "C1 CompilerThread2" daemon [_thread_blocked, id=3128, stack(0x0000000056d40000,0x0000000056e40000)]
  0x000000005616b000 JavaThread "C2 CompilerThread1" daemon [_thread_blocked, id=804, stack(0x0000000056b30000,0x0000000056c30000)]
  0x0000000056163000 JavaThread "C2 CompilerThread0" daemon [_thread_blocked, id=6736, stack(0x0000000056770000,0x0000000056870000)]
  0x0000000056160800 JavaThread "Attach Listener" daemon [_thread_blocked, id=4232, stack(0x00000000568d0000,0x00000000569d0000)]
  0x000000005507e800 JavaThread "Signal Dispatcher" daemon [_thread_blocked, id=6416, stack(0x00000000565f0000,0x00000000566f0000)]
  0x0000000055055000 JavaThread "Finalizer" daemon [_thread_blocked, id=6516, stack(0x0000000055e50000,0x0000000055f50000)]
  0x0000000055053800 JavaThread "Reference Handler" daemon [_thread_blocked, id=2808, stack(0x0000000056060000,0x0000000056160000)]
=>0x000000000219f000 JavaThread "main" [_thread_in_native, id=1492, stack(0x0000000002310000,0x0000000002410000)]

Other Threads:
  0x000000005500c000 VMThread [stack: 0x0000000055f60000,0x0000000056060000] [id=5684]
  0x0000000056208000 WatcherThread [stack: 0x0000000057020000,0x0000000057120000] [id=5244]

VM state:not at safepoint (normal execution)

VM Mutex/Monitor currently owned by a thread: None

heap address: 0x00000000c0a00000, size: 1014 MB, Compressed Oops mode: 32-bit
Narrow klass base: 0x0000000000000000, Narrow klass shift: 0
Compressed class space size: 1073741824 Address: 0x0000000014680000

Heap:
 PSYoungGen      total 18944K, used 4344K [0x00000000eae00000, 0x00000000ec300000, 0x0000000100000000)
  eden space 16384K, 10% used [0x00000000eae00000,0x00000000eafbf168,0x00000000ebe00000)
  from space 2560K, 99% used [0x00000000ebe00000,0x00000000ec07f280,0x00000000ec080000)
  to   space 2560K, 0% used [0x00000000ec080000,0x00000000ec080000,0x00000000ec300000)
 ParOldGen       total 44032K, used 1582K [0x00000000c0a00000, 0x00000000c3500000, 0x00000000eae00000)
  object space 44032K, 3% used [0x00000000c0a00000,0x00000000c0b8b920,0x00000000c3500000)
 Metaspace       used 10394K, capacity 10775K, committed 11136K, reserved 1058816K
  class space    used 922K, capacity 1036K, committed 1152K, reserved 1048576K

Card table byte_map: [0x0000000011aa0000,0x0000000011ca0000] byte_map_base: 0x000000001149b000

Marking Bits: (ParMarkBitMap*) 0x0000000064c35ce0
 Begin Bits: [0x00000000124d0000, 0x00000000134a8000)
 End Bits:   [0x00000000134a8000, 0x0000000014480000)

Polling page: 0x0000000000230000

CodeCache: size=245760Kb used=3558Kb max_used=3558Kb free=242201Kb
 bounds [0x00000000026e0000, 0x0000000002a60000, 0x00000000116e0000]
 total_blobs=1967 nmethods=974 adapters=906
 compilation: enabled

Compilation events (10 events):
Event: 5.229 Thread 0x000000005616b800  969       3       org.lwjgl.system.MemoryStack::nUTF8 (16 bytes)
Event: 5.230 Thread 0x000000005616b800 nmethod 969 0x0000000002a55250 code [0x0000000002a553e0, 0x0000000002a55668]
Event: 5.245 Thread 0x000000005616b800  970       3       nrco.states.GameState$$Lambda$54/1459672753::accept (8 bytes)
Event: 5.245 Thread 0x000000005616b800 nmethod 970 0x0000000002a54c50 code [0x0000000002a54dc0, 0x0000000002a550a8]
Event: 5.245 Thread 0x000000005616b800  971       3       nrco.states.GameState::lambda$render$5 (5 bytes)
Event: 5.245 Thread 0x000000005616b800 nmethod 971 0x0000000002a58890 code [0x0000000002a58a00, 0x0000000002a58b88]
Event: 5.245 Thread 0x000000005616b800  972       3       com.lwjglwrapper.nanovg.NVGGraphics::text (12 bytes)
Event: 5.246 Thread 0x000000005616b800 nmethod 972 0x0000000002a58c50 code [0x0000000002a58dc0, 0x0000000002a58f48]
Event: 5.246 Thread 0x000000005616b800  973   !   3       org.lwjgl.nanovg.NanoVG::nvgText (78 bytes)
Event: 5.246 Thread 0x000000005616b800 nmethod 973 0x0000000002a59010 code [0x0000000002a59260, 0x0000000002a5a098]

GC Heap History (2 events):
Event: 1.163 GC heap before
{Heap before GC invocations=1 (full 0):
 PSYoungGen      total 18944K, used 16384K [0x00000000eae00000, 0x00000000ec300000, 0x0000000100000000)
  eden space 16384K, 100% used [0x00000000eae00000,0x00000000ebe00000,0x00000000ebe00000)
  from space 2560K, 0% used [0x00000000ec080000,0x00000000ec080000,0x00000000ec300000)
  to   space 2560K, 0% used [0x00000000ebe00000,0x00000000ebe00000,0x00000000ec080000)
 ParOldGen       total 44032K, used 0K [0x00000000c0a00000, 0x00000000c3500000, 0x00000000eae00000)
  object space 44032K, 0% used [0x00000000c0a00000,0x00000000c0a00000,0x00000000c3500000)
 Metaspace       used 9973K, capacity 10301K, committed 10496K, reserved 1058816K
  class space    used 891K, capacity 1021K, committed 1024K, reserved 1048576K
Event: 1.166 GC heap after
Heap after GC invocations=1 (full 0):
 PSYoungGen      total 18944K, used 2556K [0x00000000eae00000, 0x00000000ec300000, 0x0000000100000000)
  eden space 16384K, 0% used [0x00000000eae00000,0x00000000eae00000,0x00000000ebe00000)
  from space 2560K, 99% used [0x00000000ebe00000,0x00000000ec07f280,0x00000000ec080000)
  to   space 2560K, 0% used [0x00000000ec080000,0x00000000ec080000,0x00000000ec300000)
 ParOldGen       total 44032K, used 1582K [0x00000000c0a00000, 0x00000000c3500000, 0x00000000eae00000)
  object space 44032K, 3% used [0x00000000c0a00000,0x00000000c0b8b920,0x00000000c3500000)
 Metaspace       used 9973K, capacity 10301K, committed 10496K, reserved 1058816K
  class space    used 891K, capacity 1021K, committed 1024K, reserved 1048576K
}

Deoptimization events (0 events):
No events

Classes redefined (0 events):
No events

Internal exceptions (10 events):
Event: 0.207 Thread 0x000000000219f000 Exception <a 'java/lang/NoSuchFieldError': method resolution failed> (0x00000000eb0df3e0) thrown at [C:\re\workspace\8-2-build-windows-amd64-cygwin\jdk8u211\12973\hotspot\src\share\vm\prims\methodHandles.cpp, line 1167]
Event: 0.211 Thread 0x000000000219f000 Exception <a 'java/lang/NoSuchFieldError': method resolution failed> (0x00000000eb0ec7c0) thrown at [C:\re\workspace\8-2-build-windows-amd64-cygwin\jdk8u211\12973\hotspot\src\share\vm\prims\methodHandles.cpp, line 1167]
Event: 0.274 Thread 0x000000000219f000 Exception <a 'java/security/PrivilegedActionException'> (0x00000000eb232470) thrown at [C:\re\workspace\8-2-build-windows-amd64-cygwin\jdk8u211\12973\hotspot\src\share\vm\prims\jvm.cpp, line 1502]
Event: 0.275 Thread 0x000000000219f000 Exception <a 'java/security/PrivilegedActionException'> (0x00000000eb232680) thrown at [C:\re\workspace\8-2-build-windows-amd64-cygwin\jdk8u211\12973\hotspot\src\share\vm\prims\jvm.cpp, line 1502]
Event: 0.275 Thread 0x000000000219f000 Exception <a 'java/security/PrivilegedActionException'> (0x00000000eb236590) thrown at [C:\re\workspace\8-2-build-windows-amd64-cygwin\jdk8u211\12973\hotspot\src\share\vm\prims\jvm.cpp, line 1502]
Event: 0.275 Thread 0x000000000219f000 Exception <a 'java/security/PrivilegedActionException'> (0x00000000eb2367a0) thrown at [C:\re\workspace\8-2-build-windows-amd64-cygwin\jdk8u211\12973\hotspot\src\share\vm\prims\jvm.cpp, line 1502]
Event: 0.812 Thread 0x000000000219f000 Exception <a 'sun/nio/fs/WindowsException'> (0x00000000eb515b68) thrown at [C:\re\workspace\8-2-build-windows-amd64-cygwin\jdk8u211\12973\hotspot\src\share\vm\prims\jni.cpp, line 710]
Event: 0.812 Thread 0x000000000219f000 Exception <a 'sun/nio/fs/WindowsException'> (0x00000000eb516378) thrown at [C:\re\workspace\8-2-build-windows-amd64-cygwin\jdk8u211\12973\hotspot\src\share\vm\prims\jni.cpp, line 710]
Event: 1.120 Thread 0x000000000219f000 Exception <a 'java/lang/NoSuchMethodError': java.lang.Object.lambda$static$0(Lcom/lwjglwrapper/nanovg/NVGGraphics;)V> (0x00000000ebcc68d8) thrown at [C:\re\workspace\8-2-build-windows-amd64-cygwin\jdk8u211\12973\hotspot\src\share\vm\interpreter\linkResolv
Event: 1.426 Thread 0x000000000219f000 Exception <a 'java/io/FileNotFoundException'> (0x00000000eae98a20) thrown at [C:\re\workspace\8-2-build-windows-amd64-cygwin\jdk8u211\12973\hotspot\src\share\vm\prims\jni.cpp, line 710]

Events (10 events):
Event: 1.428 loading class java/awt/Insets
Event: 1.428 loading class java/awt/Insets done
Event: 1.429 loading class java/lang/StrictMath
Event: 1.429 loading class java/lang/StrictMath done
Event: 2.173 loading class com/lwjglwrapper/display/Keyboard
Event: 2.173 loading class com/lwjglwrapper/display/Keyboard done
Event: 2.174 loading class com/lwjglwrapper/display/Mouse
Event: 2.174 loading class com/lwjglwrapper/display/Mouse done
Event: 4.227 Executing VM operation: EnableBiasedLocking
Event: 4.227 Executing VM operation: EnableBiasedLocking done


Dynamic libraries:
0x000000013f110000 - 0x000000013f147000 	C:\Program Files\Java\jdk1.8.0_211\bin\java.exe
0x0000000077640000 - 0x00000000777ea000 	C:\Windows\SYSTEM32\ntdll.dll
0x0000000077520000 - 0x000000007763f000 	C:\Windows\system32\kernel32.dll
0x000007fefd8f0000 - 0x000007fefd95a000 	C:\Windows\system32\KERNELBASE.dll
0x000007fefede0000 - 0x000007fefeebb000 	C:\Windows\system32\ADVAPI32.dll
0x000007feff500000 - 0x000007feff59f000 	C:\Windows\system32\msvcrt.dll
0x000007feff0d0000 - 0x000007feff0ef000 	C:\Windows\SYSTEM32\sechost.dll
0x000007feff7d0000 - 0x000007feff8fd000 	C:\Windows\system32\RPCRT4.dll
0x0000000077420000 - 0x000000007751a000 	C:\Windows\system32\USER32.dll
0x000007feff640000 - 0x000007feff6a7000 	C:\Windows\system32\GDI32.dll
0x000007fefecc0000 - 0x000007fefecce000 	C:\Windows\system32\LPK.dll
0x000007fefd9c0000 - 0x000007fefda8a000 	C:\Windows\system32\USP10.dll
0x000007fefb9a0000 - 0x000007fefbb94000 	C:\Windows\WinSxS\amd64_microsoft.windows.common-controls_6595b64144ccf1df_6.0.7601.18837_none_fa3b1e3d17594757\COMCTL32.dll
0x000007feff750000 - 0x000007feff7c1000 	C:\Windows\system32\SHLWAPI.dll
0x000007fefeb90000 - 0x000007fefebbe000 	C:\Windows\system32\IMM32.DLL
0x000007fefecd0000 - 0x000007fefedd9000 	C:\Windows\system32\MSCTF.dll
0x0000000064cc0000 - 0x0000000064d92000 	C:\Program Files\Java\jdk1.8.0_211\jre\bin\msvcr100.dll
0x0000000064410000 - 0x0000000064cb5000 	C:\Program Files\Java\jdk1.8.0_211\jre\bin\server\jvm.dll
0x000007fefa7e0000 - 0x000007fefa7e9000 	C:\Windows\system32\WSOCK32.dll
0x000007feff900000 - 0x000007feff94d000 	C:\Windows\system32\WS2_32.dll
0x000007fefdc10000 - 0x000007fefdc18000 	C:\Windows\system32\NSI.dll
0x000007fefad20000 - 0x000007fefad5b000 	C:\Windows\system32\WINMM.dll
0x000007fefc590000 - 0x000007fefc59c000 	C:\Windows\system32\VERSION.dll
0x0000000077800000 - 0x0000000077807000 	C:\Windows\system32\PSAPI.DLL
0x000007fefbcd0000 - 0x000007fefbcdf000 	C:\Program Files\Java\jdk1.8.0_211\jre\bin\verify.dll
0x000007fefa590000 - 0x000007fefa5b9000 	C:\Program Files\Java\jdk1.8.0_211\jre\bin\java.dll
0x000007fefa7c0000 - 0x000007fefa7d6000 	C:\Program Files\Java\jdk1.8.0_211\jre\bin\zip.dll
0x000007fefdc20000 - 0x000007fefe9a9000 	C:\Windows\system32\SHELL32.dll
0x000007fefeec0000 - 0x000007feff0c3000 	C:\Windows\system32\ole32.dll
0x000007fefd590000 - 0x000007fefd59f000 	C:\Windows\system32\profapi.dll
0x000007fefa570000 - 0x000007fefa58a000 	C:\Program Files\Java\jdk1.8.0_211\jre\bin\net.dll
0x000007fefda90000 - 0x000007fefdc08000 	C:\Windows\system32\urlmon.dll
0x000007feff0f0000 - 0x000007feff21a000 	C:\Windows\system32\WININET.dll
0x000007feff220000 - 0x000007feff479000 	C:\Windows\system32\iertutil.dll
0x000007fefebc0000 - 0x000007fefec98000 	C:\Windows\system32\OLEAUT32.dll
0x000007fefd780000 - 0x000007fefd8ed000 	C:\Windows\system32\CRYPT32.dll
0x000007fefd630000 - 0x000007fefd63f000 	C:\Windows\system32\MSASN1.dll
0x000007fefce00000 - 0x000007fefce55000 	C:\Windows\system32\mswsock.dll
0x000007fefcdf0000 - 0x000007fefcdf7000 	C:\Windows\System32\wship6.dll
0x000007fefa7a0000 - 0x000007fefa7b2000 	C:\Program Files\Java\jdk1.8.0_211\jre\bin\nio.dll
0x000007fef3f10000 - 0x000007fef3f73000 	C:\Users\Welcome\AppData\Local\Temp\lwjglWelcome\3.2.1-build-12\lwjgl.dll
0x000007fefc690000 - 0x000007fefc693000 	C:\Windows\system32\api-ms-win-core-synch-l1-2-0.DLL
0x000007fef5fb0000 - 0x000007fef600e000 	C:\Users\Welcome\AppData\Local\Temp\lwjglWelcome\3.2.1-build-12\glfw.dll
0x000007fefb860000 - 0x000007fefb8b6000 	C:\Windows\system32\uxtheme.dll
0x000007fef5d80000 - 0x000007fef5dbc000 	C:\Windows\system32\dinput8.dll
0x00000000003d0000 - 0x00000000003ee000 	C:\Windows\system32\xinput1_3.dll
0x000007fefe9b0000 - 0x000007fefeb87000 	C:\Windows\system32\SETUPAPI.dll
0x000007fefd6a0000 - 0x000007fefd6d6000 	C:\Windows\system32\CFGMGR32.dll
0x000007fefd640000 - 0x000007fefd65a000 	C:\Windows\system32\DEVOBJ.dll
0x000007fefaa80000 - 0x000007fefaa98000 	C:\Windows\system32\dwmapi.dll
0x000007fefb0d0000 - 0x000007fefb0db000 	C:\Windows\system32\HID.DLL
0x000007fefd660000 - 0x000007fefd69b000 	C:\Windows\system32\WINTRUST.dll
0x000007fef7e50000 - 0x000007fef7f6d000 	C:\Windows\system32\opengl32.dll
0x000007fefa4e0000 - 0x000007fefa50d000 	C:\Windows\system32\GLU32.dll
0x000007fefa3e0000 - 0x000007fefa4d1000 	C:\Windows\system32\DDRAW.dll
0x000007fefa550000 - 0x000007fefa558000 	C:\Windows\system32\DCIMAN32.dll
0x000000005fda0000 - 0x0000000061f7e000 	C:\Windows\system32\nvoglv64.DLL
0x000007fefc810000 - 0x000007fefc821000 	C:\Windows\system32\WTSAPI32.dll
0x000007fefc240000 - 0x000007fefc26d000 	C:\Windows\system32\ntmarta.dll
0x000007fefd960000 - 0x000007fefd9b2000 	C:\Windows\system32\WLDAP32.dll
0x000007feefbb0000 - 0x000007feefe04000 	C:\Windows\system32\nvspcap64.dll
0x000007fefc9b0000 - 0x000007fefc9ed000 	C:\Windows\system32\WINSTA.dll
0x000007fef1ff0000 - 0x000007fef2048000 	C:\Users\Welcome\AppData\Local\Temp\lwjglWelcome\3.2.1-build-12\lwjgl_opengl.dll
0x000007fefd4c0000 - 0x000007fefd4cf000 	C:\Windows\system32\CRYPTBASE.dll
0x000007feef8d0000 - 0x000007feef95e000 	C:\Users\Welcome\AppData\Local\Temp\lwjglWelcome\3.2.1-build-12\lwjgl_nanovg.dll
0x000007fef1f70000 - 0x000007fef1fe9000 	C:\Users\Welcome\AppData\Local\Temp\lwjglWelcome\3.2.1-build-12\lwjgl_stb.dll
0x000007fef40a0000 - 0x000007fef4239000 	C:\Program Files\Java\jdk1.8.0_211\jre\bin\awt.dll
0x000007fef29b0000 - 0x000007fef2ad5000 	C:\Windows\system32\dbghelp.dll

VM Arguments:
jvm_args: -Dfile.encoding=UTF-8 
java_command: nrco.MainGame
java_class_path (initial): D:\NGO DUY ANH\NetBeansProjects\NRCO_LWJGLRemake\lib\LWJGL\lwjgl-glfw.jar;D:\NGO DUY ANH\NetBeansProjects\NRCO_LWJGLRemake\lib\LWJGL\lwjgl-openal.jar;D:\NGO DUY ANH\NetBeansProjects\NRCO_LWJGLRemake\lib\LWJGL\lwjgl-opengl.jar;D:\NGO DUY ANH\NetBeansProjects\NRCO_LWJGLRemake\lib\LWJGL\lwjgl-stb.jar;D:\NGO DUY ANH\NetBeansProjects\NRCO_LWJGLRemake\lib\LWJGL\lwjgl.jar;D:\NGO DUY ANH\NetBeansProjects\NRCO_LWJGLRemake\lib\LWJGL\slick-util.jar;D:\NGO DUY ANH\NetBeansProjects\NRCO_LWJGLRemake\lib\LWJGL\lwjgl-assimp.jar;D:\NGO DUY ANH\NetBeansProjects\NRCO_LWJGLRemake\lib\LWJGL\lwjgl-assimp-natives-windows.jar;D:\NGO DUY ANH\NetBeansProjects\NRCO_LWJGLRemake\lib\LWJGL\lwjgl-glfw-natives-windows.jar;D:\NGO DUY ANH\NetBeansProjects\NRCO_LWJGLRemake\lib\LWJGL\lwjgl-natives-windows.jar;D:\NGO DUY ANH\NetBeansProjects\NRCO_LWJGLRemake\lib\LWJGL\lwjgl-openal-natives-windows.jar;D:\NGO DUY ANH\NetBeansProjects\NRCO_LWJGLRemake\lib\LWJGL\lwjgl-opengl-natives-windows.jar;D:\NGO DUY ANH\NetBeansProjects\NRCO_LWJGLRemake\lib\LWJGL\lwjgl-stb-natives-windows.jar;D:\NGO DUY ANH\NetBeansProjects\NRCO_LWJGLRemake\lib\LWJGL\joml-1.9.14.jar;D:\NGO DUY ANH\NetBeansProjects\NRCO_LWJGLRemake\lib\LWJGL\lwjgl-nanovg-natives-windows.jar;D:\NGO DUY ANH\NetBeansProjects\NRCO_LWJGLRemake\lib\LWJGL\lwjgl-nanovg.jar;D:\NGO DUY ANH\NetBeansProjects\NRCO_LWJGLRemake\lib\LWJGL\obj-0.3.0.jar;D:\NGO DUY ANH\NetBeansProjects\NRCO_LWJGLRemake\lib\LWJGL\tween-engine-api.jar;D:\NGO DUY ANH\NetBeansProjects\LWJGLWrapper\build\classes;D:\NGO DUY ANH\NetBeansProjects\NRCO_LWJGLRemake\build\classes
Launcher Type: SUN_STANDARD

Environment Variables:
PATH=C:\Programs;C:\Programs\ffmpeg-4.1.3-win64-static\bin\;C:\Program Files\Java\jdk1.8.0_211\bin;C:\Program Files\VideoLAN\VLC\;C:\Program Files\CMake\bin
USERNAME=Welcome
OS=Windows_NT
PROCESSOR_IDENTIFIER=Intel64 Family 6 Model 158 Stepping 9, GenuineIntel



---------------  S Y S T E M  ---------------

OS: Windows 7 , 64 bit Build 7601 (6.1.7601.23418)

CPU:total 4 (initial active 4) (2 cores per cpu, 2 threads per core) family 6 model 158 stepping 9, cmov, cx8, fxsr, mmx, sse, sse2, sse3, ssse3, sse4.1, sse4.2, popcnt, avx, avx2, aes, clmul, erms, 3dnowpref, lzcnt, ht, tsc, tscinvbit, bmi1, bmi2, adx

Memory: 4k page, physical 4152016k(1075796k free), swap 8302172k(2659136k free)

vm_info: Java HotSpot(TM) 64-Bit Server VM (25.211-b12) for windows-amd64 JRE (1.8.0_211-b12), built on Apr  1 2019 20:53:26 by "java_re" with MS VC++ 10.0 (VS2010)

time: Wed Jul 24 13:09:27 2019
timezone: SE Asia Standard Time
elapsed time: 5 seconds (0d 0h 0m 5s)

