#
# A fatal error has been detected by the Java Runtime Environment:
#
#  EXCEPTION_ACCESS_VIOLATION (0xc0000005) at pc=0x000007feef8e6984, pid=5616, tid=0x0000000000001b58
#
# JRE version: Java(TM) SE Runtime Environment (8.0_211-b12) (build 1.8.0_211-b12)
# Java VM: Java HotSpot(TM) 64-Bit Server VM (25.211-b12 mixed mode windows-amd64 compressed oops)
# Problematic frame:
# C  [lwjgl_nanovg.dll+0x16984]
#
# Failed to write core dump. Minidumps are not enabled by default on client versions of Windows
#
# If you would like to submit a bug report, please visit:
#   http://bugreport.java.com/bugreport/crash.jsp
# The crash happened outside the Java Virtual Machine in native code.
# See problematic frame for where to report the bug.
#

---------------  T H R E A D  ---------------

Current thread (0x00000000003af000):  JavaThread "main" [_thread_in_native, id=7000, stack(0x0000000002550000,0x0000000002650000)]

siginfo: ExceptionCode=0xc0000005, reading address 0x0000000057583fcc

Registers:
RAX=0x0000000000000100, RBX=0x0000000057581330, RCX=0x000000005a1bfaf0, RDX=0x0000000000000033
RSP=0x000000000264e7a8, RBP=0x000000005a1bfaf0, RSI=0x0000000000002c9c, RDI=0x0000000000000000
R8 =0x0000000000000000, R9 =0x0000000000000033, R10=0x0000000000000438, R11=0x000000005a1bfaf0
R12=0x0000000000000033, R13=0x0000000000000100, R14=0x0000000000002c9c, R15=0x000000005a1bfaf0
RIP=0x000007feef8e6984, EFLAGS=0x0000000000010246

Top of Stack: (sp=0x000000000264e7a8)
0x000000000264e7a8:   000000005a1bfaf0 0000000000000000
0x000000000264e7b8:   0000000000000003 0000000000000033
0x000000000264e7c8:   000007feef8ec34f 0000000000000438
0x000000000264e7d8:   000000005a1bfaf0 000000005a1a2b40
0x000000000264e7e8:   0000000000000000 000000000264e950
0x000000000264e7f8:   000000006453b6cc 000000000264e950
0x000000000264e808:   00000000003a8150 0000000014cceecd
0x000000000264e818:   00000000000000ff 00000000029321b9
0x000000000264e828:   00000000646b926b 0000000000000002
0x000000000264e838:   0000000000000000 000000005a1bfaf0
0x000000000264e848:   00000000000000ff 000000005b6340d8
0x000000000264e858:   00000000646eca28 000000000264e950
0x000000000264e868:   000000000264e950 00000000ffffffff
0x000000000264e878:   000000006453b6cc 0000000064a08ac8
0x000000000264e888:   0000000000000000 00000000430a0000
0x000000000264e898:   0000000000000000 00000000441f6984 

Instructions: (pc=0x000007feef8e6984)
0x000007feef8e6964:   41 54 41 55 41 56 41 57 44 8b 71 34 41 bd 00 01
0x000007feef8e6974:   00 00 48 8b 59 08 41 8b f6 41 0f b7 c5 4c 63 ca
0x000007feef8e6984:   45 0f b6 1c 1e 44 0f af d8 41 0f b6 44 1e 01 66
0x000007feef8e6994:   44 03 d8 75 2b 41 0f b6 4c 1e 02 41 0f b6 44 1e 


Register to memory mapping:

RAX=0x0000000000000100 is an unknown value
RBX=0x0000000057581330 is an unknown value
RCX=0x000000005a1bfaf0 is an unknown value
RDX=0x0000000000000033 is an unknown value
RSP=0x000000000264e7a8 is pointing into the stack for thread: 0x00000000003af000
RBP=0x000000005a1bfaf0 is an unknown value
RSI=0x0000000000002c9c is an unknown value
RDI=0x0000000000000000 is an unknown value
R8 =0x0000000000000000 is an unknown value
R9 =0x0000000000000033 is an unknown value
R10=0x0000000000000438 is an unknown value
R11=0x000000005a1bfaf0 is an unknown value
R12=0x0000000000000033 is an unknown value
R13=0x0000000000000100 is an unknown value
R14=0x0000000000002c9c is an unknown value
R15=0x000000005a1bfaf0 is an unknown value


Stack: [0x0000000002550000,0x0000000002650000],  sp=0x000000000264e7a8,  free space=1017k
Native frames: (J=compiled Java code, j=interpreted, Vv=VM code, C=native code)
C  [lwjgl_nanovg.dll+0x16984]
C  [lwjgl_nanovg.dll+0x1c34f]
C  [lwjgl_nanovg.dll+0x1d4de]
C  [lwjgl_nanovg.dll+0x1d0a0]
C  [lwjgl_nanovg.dll+0x318aa]
C  0x0000000002938c27

Java frames: (J=compiled Java code, j=interpreted, Vv=VM code)
j  org.lwjgl.nanovg.NanoVG.nnvgText(JFFJJ)F+0
j  org.lwjgl.nanovg.NanoVG.nvgText(JFFLjava/lang/CharSequence;)F+51
j  com.lwjglwrapper.nanovg.NVGGraphics.text(Ljava/lang/String;FF)V+7
j  nrco.objs.Points.render()V+62
j  nrco.states.GameState.lambda$render$5(Lnrco/objs/Points;)V+1
j  nrco.states.GameState$$Lambda$54.accept(Ljava/lang/Object;)V+4
J 816 C1 java.util.ArrayList.forEach(Ljava/util/function/Consumer;)V (75 bytes) @ 0x0000000002c424c4 [0x0000000002c422c0+0x204]
j  nrco.states.GameState.render()V+92
j  com.lwjglwrapper.utils.states.GameStateLoop.render()V+22
j  nrco.MainGame.render()V+1
j  com.lwjglwrapper.display.Loop.run()V+113
j  nrco.MainGame.main([Ljava/lang/String;)V+7
v  ~StubRoutines::call_stub

---------------  P R O C E S S  ---------------

Java Threads: ( => current thread )
  0x00000000564b0800 JavaThread "Service Thread" daemon [_thread_blocked, id=5796, stack(0x0000000056c30000,0x0000000056d30000)]
  0x000000005642c800 JavaThread "C1 CompilerThread2" daemon [_thread_blocked, id=6256, stack(0x0000000056f50000,0x0000000057050000)]
  0x0000000056429000 JavaThread "C2 CompilerThread1" daemon [_thread_blocked, id=6704, stack(0x0000000056d80000,0x0000000056e80000)]
  0x000000005530f800 JavaThread "C2 CompilerThread0" daemon [_thread_blocked, id=5788, stack(0x0000000056a20000,0x0000000056b20000)]
  0x000000005530e000 JavaThread "Attach Listener" daemon [_thread_blocked, id=6312, stack(0x0000000056b20000,0x0000000056c20000)]
  0x00000000552fc800 JavaThread "Signal Dispatcher" daemon [_thread_blocked, id=7104, stack(0x00000000568b0000,0x00000000569b0000)]
  0x00000000552ea800 JavaThread "Finalizer" daemon [_thread_blocked, id=5844, stack(0x0000000056220000,0x0000000056320000)]
  0x00000000552e3800 JavaThread "Reference Handler" daemon [_thread_blocked, id=5180, stack(0x0000000056320000,0x0000000056420000)]
=>0x00000000003af000 JavaThread "main" [_thread_in_native, id=7000, stack(0x0000000002550000,0x0000000002650000)]

Other Threads:
  0x000000005529c000 VMThread [stack: 0x0000000056090000,0x0000000056190000] [id=468]
  0x00000000564cc000 WatcherThread [stack: 0x0000000057120000,0x0000000057220000] [id=2956]

VM state:not at safepoint (normal execution)

VM Mutex/Monitor currently owned by a thread: None

heap address: 0x00000000c0a00000, size: 1014 MB, Compressed Oops mode: 32-bit
Narrow klass base: 0x0000000000000000, Narrow klass shift: 0
Compressed class space size: 1073741824 Address: 0x0000000014910000

Heap:
 PSYoungGen      total 18944K, used 3678K [0x00000000eae00000, 0x00000000ec300000, 0x0000000100000000)
  eden space 16384K, 6% used [0x00000000eae00000,0x00000000eaf1e850,0x00000000ebe00000)
  from space 2560K, 98% used [0x00000000ebe00000,0x00000000ec079188,0x00000000ec080000)
  to   space 2560K, 0% used [0x00000000ec080000,0x00000000ec080000,0x00000000ec300000)
 ParOldGen       total 44032K, used 1599K [0x00000000c0a00000, 0x00000000c3500000, 0x00000000eae00000)
  object space 44032K, 3% used [0x00000000c0a00000,0x00000000c0b8fdc8,0x00000000c3500000)
 Metaspace       used 10362K, capacity 10691K, committed 10880K, reserved 1058816K
  class space    used 922K, capacity 1036K, committed 1152K, reserved 1048576K

Card table byte_map: [0x0000000011ce0000,0x0000000011ee0000] byte_map_base: 0x00000000116db000

Marking Bits: (ParMarkBitMap*) 0x0000000064c35ce0
 Begin Bits: [0x0000000012760000, 0x0000000013738000)
 End Bits:   [0x0000000013738000, 0x0000000014710000)

Polling page: 0x0000000000230000

CodeCache: size=245760Kb used=3322Kb max_used=3322Kb free=242437Kb
 bounds [0x0000000002920000, 0x0000000002c60000, 0x0000000011920000]
 total_blobs=1866 nmethods=873 adapters=906
 compilation: enabled

Compilation events (10 events):
Event: 5.378 Thread 0x000000005642c800  868       3       java.lang.Float::floatValue (5 bytes)
Event: 5.379 Thread 0x000000005642c800 nmethod 868 0x0000000002c5d0d0 code [0x0000000002c5d220, 0x0000000002c5d370]
Event: 5.379 Thread 0x000000005642c800  869       3       com.lwjglwrapper.utils.math.MathUtils::clamp (46 bytes)
Event: 5.379 Thread 0x000000005642c800 nmethod 869 0x0000000002c5d3d0 code [0x0000000002c5d580, 0x0000000002c5da18]
Event: 5.513 Thread 0x000000005642c800  871       3       nrco.objs.Garbage::getCenter (14 bytes)
Event: 5.513 Thread 0x000000005642c800 nmethod 871 0x0000000002c5e110 code [0x0000000002c5e280, 0x0000000002c5e4f0]
Event: 5.513 Thread 0x000000005642c800  872       3       java.util.stream.IntPipeline$Head::forEach (29 bytes)
Event: 5.514 Thread 0x000000005642c800 nmethod 872 0x0000000002c5e5d0 code [0x0000000002c5e7a0, 0x0000000002c5ed68]
Event: 5.514 Thread 0x000000005642c800  873       3       java.util.stream.AbstractPipeline::sourceStageSpliterator (112 bytes)
Event: 5.514 Thread 0x000000005642c800 nmethod 873 0x0000000002c5ef90 code [0x0000000002c5f160, 0x0000000002c5f7f8]

GC Heap History (2 events):
Event: 3.950 GC heap before
{Heap before GC invocations=1 (full 0):
 PSYoungGen      total 18944K, used 16384K [0x00000000eae00000, 0x00000000ec300000, 0x0000000100000000)
  eden space 16384K, 100% used [0x00000000eae00000,0x00000000ebe00000,0x00000000ebe00000)
  from space 2560K, 0% used [0x00000000ec080000,0x00000000ec080000,0x00000000ec300000)
  to   space 2560K, 0% used [0x00000000ebe00000,0x00000000ebe00000,0x00000000ec080000)
 ParOldGen       total 44032K, used 0K [0x00000000c0a00000, 0x00000000c3500000, 0x00000000eae00000)
  object space 44032K, 0% used [0x00000000c0a00000,0x00000000c0a00000,0x00000000c3500000)
 Metaspace       used 9993K, capacity 10365K, committed 10496K, reserved 1058816K
  class space    used 891K, capacity 1021K, committed 1024K, reserved 1048576K
Event: 3.954 GC heap after
Heap after GC invocations=1 (full 0):
 PSYoungGen      total 18944K, used 2532K [0x00000000eae00000, 0x00000000ec300000, 0x0000000100000000)
  eden space 16384K, 0% used [0x00000000eae00000,0x00000000eae00000,0x00000000ebe00000)
  from space 2560K, 98% used [0x00000000ebe00000,0x00000000ec079188,0x00000000ec080000)
  to   space 2560K, 0% used [0x00000000ec080000,0x00000000ec080000,0x00000000ec300000)
 ParOldGen       total 44032K, used 1599K [0x00000000c0a00000, 0x00000000c3500000, 0x00000000eae00000)
  object space 44032K, 3% used [0x00000000c0a00000,0x00000000c0b8fdc8,0x00000000c3500000)
 Metaspace       used 9993K, capacity 10365K, committed 10496K, reserved 1058816K
  class space    used 891K, capacity 1021K, committed 1024K, reserved 1048576K
}

Deoptimization events (0 events):
No events

Classes redefined (0 events):
No events

Internal exceptions (10 events):
Event: 0.662 Thread 0x00000000003af000 Exception <a 'java/lang/NoSuchFieldError': method resolution failed> (0x00000000eb0df3e0) thrown at [C:\re\workspace\8-2-build-windows-amd64-cygwin\jdk8u211\12973\hotspot\src\share\vm\prims\methodHandles.cpp, line 1167]
Event: 0.663 Thread 0x00000000003af000 Exception <a 'java/lang/NoSuchFieldError': method resolution failed> (0x00000000eb0ec7f0) thrown at [C:\re\workspace\8-2-build-windows-amd64-cygwin\jdk8u211\12973\hotspot\src\share\vm\prims\methodHandles.cpp, line 1167]
Event: 0.779 Thread 0x00000000003af000 Exception <a 'java/security/PrivilegedActionException'> (0x00000000eb232470) thrown at [C:\re\workspace\8-2-build-windows-amd64-cygwin\jdk8u211\12973\hotspot\src\share\vm\prims\jvm.cpp, line 1502]
Event: 0.779 Thread 0x00000000003af000 Exception <a 'java/security/PrivilegedActionException'> (0x00000000eb232680) thrown at [C:\re\workspace\8-2-build-windows-amd64-cygwin\jdk8u211\12973\hotspot\src\share\vm\prims\jvm.cpp, line 1502]
Event: 0.779 Thread 0x00000000003af000 Exception <a 'java/security/PrivilegedActionException'> (0x00000000eb236590) thrown at [C:\re\workspace\8-2-build-windows-amd64-cygwin\jdk8u211\12973\hotspot\src\share\vm\prims\jvm.cpp, line 1502]
Event: 0.779 Thread 0x00000000003af000 Exception <a 'java/security/PrivilegedActionException'> (0x00000000eb2367a0) thrown at [C:\re\workspace\8-2-build-windows-amd64-cygwin\jdk8u211\12973\hotspot\src\share\vm\prims\jvm.cpp, line 1502]
Event: 2.898 Thread 0x00000000003af000 Exception <a 'sun/nio/fs/WindowsException'> (0x00000000eb515b28) thrown at [C:\re\workspace\8-2-build-windows-amd64-cygwin\jdk8u211\12973\hotspot\src\share\vm\prims\jni.cpp, line 710]
Event: 2.903 Thread 0x00000000003af000 Exception <a 'sun/nio/fs/WindowsException'> (0x00000000eb516338) thrown at [C:\re\workspace\8-2-build-windows-amd64-cygwin\jdk8u211\12973\hotspot\src\share\vm\prims\jni.cpp, line 710]
Event: 3.505 Thread 0x00000000003af000 Exception <a 'java/lang/NoSuchMethodError': java.lang.Object.lambda$static$0(Lcom/lwjglwrapper/nanovg/NVGGraphics;)V> (0x00000000ebcc73c0) thrown at [C:\re\workspace\8-2-build-windows-amd64-cygwin\jdk8u211\12973\hotspot\src\share\vm\interpreter\linkResolv
Event: 4.127 Thread 0x00000000003af000 Exception <a 'java/io/FileNotFoundException'> (0x00000000eae8f2c8) thrown at [C:\re\workspace\8-2-build-windows-amd64-cygwin\jdk8u211\12973\hotspot\src\share\vm\prims\jni.cpp, line 710]

Events (10 events):
Event: 4.131 loading class java/awt/Insets
Event: 4.131 loading class java/awt/Insets done
Event: 4.131 loading class java/lang/StrictMath
Event: 4.131 loading class java/lang/StrictMath done
Event: 4.446 Executing VM operation: EnableBiasedLocking
Event: 4.446 Executing VM operation: EnableBiasedLocking done
Event: 4.932 loading class com/lwjglwrapper/display/Keyboard
Event: 4.932 loading class com/lwjglwrapper/display/Keyboard done
Event: 4.933 loading class com/lwjglwrapper/display/Mouse
Event: 4.933 loading class com/lwjglwrapper/display/Mouse done


Dynamic libraries:
0x000000013f110000 - 0x000000013f147000 	C:\Program Files\Java\jdk1.8.0_211\bin\java.exe
0x0000000077640000 - 0x00000000777ea000 	C:\Windows\SYSTEM32\ntdll.dll
0x0000000077520000 - 0x000000007763f000 	C:\Windows\system32\kernel32.dll
0x000007fefd8f0000 - 0x000007fefd95a000 	C:\Windows\system32\KERNELBASE.dll
0x000007fefede0000 - 0x000007fefeebb000 	C:\Windows\system32\ADVAPI32.dll
0x000007feff500000 - 0x000007feff59f000 	C:\Windows\system32\msvcrt.dll
0x000007feff0d0000 - 0x000007feff0ef000 	C:\Windows\SYSTEM32\sechost.dll
0x000007feff7d0000 - 0x000007feff8fd000 	C:\Windows\system32\RPCRT4.dll
0x0000000077420000 - 0x000000007751a000 	C:\Windows\system32\USER32.dll
0x000007feff640000 - 0x000007feff6a7000 	C:\Windows\system32\GDI32.dll
0x000007fefecc0000 - 0x000007fefecce000 	C:\Windows\system32\LPK.dll
0x000007fefd9c0000 - 0x000007fefda8a000 	C:\Windows\system32\USP10.dll
0x000007fefb9a0000 - 0x000007fefbb94000 	C:\Windows\WinSxS\amd64_microsoft.windows.common-controls_6595b64144ccf1df_6.0.7601.18837_none_fa3b1e3d17594757\COMCTL32.dll
0x000007feff750000 - 0x000007feff7c1000 	C:\Windows\system32\SHLWAPI.dll
0x000007fefeb90000 - 0x000007fefebbe000 	C:\Windows\system32\IMM32.DLL
0x000007fefecd0000 - 0x000007fefedd9000 	C:\Windows\system32\MSCTF.dll
0x0000000064cc0000 - 0x0000000064d92000 	C:\Program Files\Java\jdk1.8.0_211\jre\bin\msvcr100.dll
0x0000000064410000 - 0x0000000064cb5000 	C:\Program Files\Java\jdk1.8.0_211\jre\bin\server\jvm.dll
0x000007fefa7e0000 - 0x000007fefa7e9000 	C:\Windows\system32\WSOCK32.dll
0x000007feff900000 - 0x000007feff94d000 	C:\Windows\system32\WS2_32.dll
0x000007fefdc10000 - 0x000007fefdc18000 	C:\Windows\system32\NSI.dll
0x000007fefad20000 - 0x000007fefad5b000 	C:\Windows\system32\WINMM.dll
0x000007fefc590000 - 0x000007fefc59c000 	C:\Windows\system32\VERSION.dll
0x0000000077800000 - 0x0000000077807000 	C:\Windows\system32\PSAPI.DLL
0x000007fefbcd0000 - 0x000007fefbcdf000 	C:\Program Files\Java\jdk1.8.0_211\jre\bin\verify.dll
0x000007fefa590000 - 0x000007fefa5b9000 	C:\Program Files\Java\jdk1.8.0_211\jre\bin\java.dll
0x000007fefa7c0000 - 0x000007fefa7d6000 	C:\Program Files\Java\jdk1.8.0_211\jre\bin\zip.dll
0x000007fefdc20000 - 0x000007fefe9a9000 	C:\Windows\system32\SHELL32.dll
0x000007fefeec0000 - 0x000007feff0c3000 	C:\Windows\system32\ole32.dll
0x000007fefd590000 - 0x000007fefd59f000 	C:\Windows\system32\profapi.dll
0x000007fefa570000 - 0x000007fefa58a000 	C:\Program Files\Java\jdk1.8.0_211\jre\bin\net.dll
0x000007fefda90000 - 0x000007fefdc08000 	C:\Windows\system32\urlmon.dll
0x000007feff0f0000 - 0x000007feff21a000 	C:\Windows\system32\WININET.dll
0x000007feff220000 - 0x000007feff479000 	C:\Windows\system32\iertutil.dll
0x000007fefebc0000 - 0x000007fefec98000 	C:\Windows\system32\OLEAUT32.dll
0x000007fefd780000 - 0x000007fefd8ed000 	C:\Windows\system32\CRYPT32.dll
0x000007fefd630000 - 0x000007fefd63f000 	C:\Windows\system32\MSASN1.dll
0x000007fefce00000 - 0x000007fefce55000 	C:\Windows\system32\mswsock.dll
0x000007fefcdf0000 - 0x000007fefcdf7000 	C:\Windows\System32\wship6.dll
0x000007fefa7a0000 - 0x000007fefa7b2000 	C:\Program Files\Java\jdk1.8.0_211\jre\bin\nio.dll
0x000007fef3f10000 - 0x000007fef3f73000 	C:\Users\Welcome\AppData\Local\Temp\lwjglWelcome\3.2.1-build-12\lwjgl.dll
0x000007fefc690000 - 0x000007fefc693000 	C:\Windows\system32\api-ms-win-core-synch-l1-2-0.DLL
0x000007fef5fb0000 - 0x000007fef600e000 	C:\Users\Welcome\AppData\Local\Temp\lwjglWelcome\3.2.1-build-12\glfw.dll
0x000007fefb860000 - 0x000007fefb8b6000 	C:\Windows\system32\uxtheme.dll
0x000007fef1f90000 - 0x000007fef1fcc000 	C:\Windows\system32\dinput8.dll
0x0000000002360000 - 0x000000000237e000 	C:\Windows\system32\xinput1_3.dll
0x000007fefe9b0000 - 0x000007fefeb87000 	C:\Windows\system32\SETUPAPI.dll
0x000007fefd6a0000 - 0x000007fefd6d6000 	C:\Windows\system32\CFGMGR32.dll
0x000007fefd640000 - 0x000007fefd65a000 	C:\Windows\system32\DEVOBJ.dll
0x000007fefaa80000 - 0x000007fefaa98000 	C:\Windows\system32\dwmapi.dll
0x000007fefb0d0000 - 0x000007fefb0db000 	C:\Windows\system32\HID.DLL
0x000007fefd660000 - 0x000007fefd69b000 	C:\Windows\system32\WINTRUST.dll
0x000007fef7e50000 - 0x000007fef7f6d000 	C:\Windows\system32\opengl32.dll
0x000007fefa4e0000 - 0x000007fefa50d000 	C:\Windows\system32\GLU32.dll
0x000007fefa3e0000 - 0x000007fefa4d1000 	C:\Windows\system32\DDRAW.dll
0x000007fefa550000 - 0x000007fefa558000 	C:\Windows\system32\DCIMAN32.dll
0x000000005fda0000 - 0x0000000061f7e000 	C:\Windows\system32\nvoglv64.DLL
0x000007fefc810000 - 0x000007fefc821000 	C:\Windows\system32\WTSAPI32.dll
0x000007fefc240000 - 0x000007fefc26d000 	C:\Windows\system32\ntmarta.dll
0x000007fefd960000 - 0x000007fefd9b2000 	C:\Windows\system32\WLDAP32.dll
0x000007feefbb0000 - 0x000007feefe04000 	C:\Windows\system32\nvspcap64.dll
0x000007fefc9b0000 - 0x000007fefc9ed000 	C:\Windows\system32\WINSTA.dll
0x000007feefb50000 - 0x000007feefba8000 	C:\Users\Welcome\AppData\Local\Temp\lwjglWelcome\3.2.1-build-12\lwjgl_opengl.dll
0x000007fefd4c0000 - 0x000007fefd4cf000 	C:\Windows\system32\CRYPTBASE.dll
0x000007feef8d0000 - 0x000007feef95e000 	C:\Users\Welcome\AppData\Local\Temp\lwjglWelcome\3.2.1-build-12\lwjgl_nanovg.dll
0x000007feef850000 - 0x000007feef8c9000 	C:\Users\Welcome\AppData\Local\Temp\lwjglWelcome\3.2.1-build-12\lwjgl_stb.dll
0x000007fef40a0000 - 0x000007fef4239000 	C:\Program Files\Java\jdk1.8.0_211\jre\bin\awt.dll
0x000007fef29b0000 - 0x000007fef2ad5000 	C:\Windows\system32\dbghelp.dll

VM Arguments:
jvm_args: -Dfile.encoding=UTF-8 
java_command: nrco.MainGame
java_class_path (initial): D:\NGO DUY ANH\NetBeansProjects\NRCO_LWJGLRemake\lib\LWJGL\lwjgl-glfw.jar;D:\NGO DUY ANH\NetBeansProjects\NRCO_LWJGLRemake\lib\LWJGL\lwjgl-openal.jar;D:\NGO DUY ANH\NetBeansProjects\NRCO_LWJGLRemake\lib\LWJGL\lwjgl-opengl.jar;D:\NGO DUY ANH\NetBeansProjects\NRCO_LWJGLRemake\lib\LWJGL\lwjgl-stb.jar;D:\NGO DUY ANH\NetBeansProjects\NRCO_LWJGLRemake\lib\LWJGL\lwjgl.jar;D:\NGO DUY ANH\NetBeansProjects\NRCO_LWJGLRemake\lib\LWJGL\slick-util.jar;D:\NGO DUY ANH\NetBeansProjects\NRCO_LWJGLRemake\lib\LWJGL\lwjgl-assimp.jar;D:\NGO DUY ANH\NetBeansProjects\NRCO_LWJGLRemake\lib\LWJGL\lwjgl-assimp-natives-windows.jar;D:\NGO DUY ANH\NetBeansProjects\NRCO_LWJGLRemake\lib\LWJGL\lwjgl-glfw-natives-windows.jar;D:\NGO DUY ANH\NetBeansProjects\NRCO_LWJGLRemake\lib\LWJGL\lwjgl-natives-windows.jar;D:\NGO DUY ANH\NetBeansProjects\NRCO_LWJGLRemake\lib\LWJGL\lwjgl-openal-natives-windows.jar;D:\NGO DUY ANH\NetBeansProjects\NRCO_LWJGLRemake\lib\LWJGL\lwjgl-opengl-natives-windows.jar;D:\NGO DUY ANH\NetBeansProjects\NRCO_LWJGLRemake\lib\LWJGL\lwjgl-stb-natives-windows.jar;D:\NGO DUY ANH\NetBeansProjects\NRCO_LWJGLRemake\lib\LWJGL\joml-1.9.14.jar;D:\NGO DUY ANH\NetBeansProjects\NRCO_LWJGLRemake\lib\LWJGL\lwjgl-nanovg-natives-windows.jar;D:\NGO DUY ANH\NetBeansProjects\NRCO_LWJGLRemake\lib\LWJGL\lwjgl-nanovg.jar;D:\NGO DUY ANH\NetBeansProjects\NRCO_LWJGLRemake\lib\LWJGL\obj-0.3.0.jar;D:\NGO DUY ANH\NetBeansProjects\NRCO_LWJGLRemake\lib\LWJGL\tween-engine-api.jar;D:\NGO DUY ANH\NetBeansProjects\LWJGLWrapper\build\classes;D:\NGO DUY ANH\NetBeansProjects\NRCO_LWJGLRemake\build\classes
Launcher Type: SUN_STANDARD

Environment Variables:
PATH=C:\Programs;C:\Programs\ffmpeg-4.1.3-win64-static\bin\;C:\Program Files\Java\jdk1.8.0_211\bin;C:\Program Files\VideoLAN\VLC\;C:\Program Files\CMake\bin
USERNAME=Welcome
OS=Windows_NT
PROCESSOR_IDENTIFIER=Intel64 Family 6 Model 158 Stepping 9, GenuineIntel



---------------  S Y S T E M  ---------------

OS: Windows 7 , 64 bit Build 7601 (6.1.7601.23418)

CPU:total 4 (initial active 4) (2 cores per cpu, 2 threads per core) family 6 model 158 stepping 9, cmov, cx8, fxsr, mmx, sse, sse2, sse3, ssse3, sse4.1, sse4.2, popcnt, avx, avx2, aes, clmul, erms, 3dnowpref, lzcnt, ht, tsc, tscinvbit, bmi1, bmi2, adx

Memory: 4k page, physical 4152016k(980236k free), swap 8302172k(2406716k free)

vm_info: Java HotSpot(TM) 64-Bit Server VM (25.211-b12) for windows-amd64 JRE (1.8.0_211-b12), built on Apr  1 2019 20:53:26 by "java_re" with MS VC++ 10.0 (VS2010)

time: Wed Jul 24 13:13:14 2019
timezone: SE Asia Standard Time
elapsed time: 5 seconds (0d 0h 0m 5s)

