#
# A fatal error has been detected by the Java Runtime Environment:
#
#  EXCEPTION_ACCESS_VIOLATION (0xc0000005) at pc=0x000007feee226984, pid=6488, tid=0x00000000000014a8
#
# JRE version: Java(TM) SE Runtime Environment (8.0_211-b12) (build 1.8.0_211-b12)
# Java VM: Java HotSpot(TM) 64-Bit Server VM (25.211-b12 mixed mode windows-amd64 compressed oops)
# Problematic frame:
# C  [lwjgl_nanovg.dll+0x16984]
#
# Failed to write core dump. Minidumps are not enabled by default on client versions of Windows
#
# If you would like to submit a bug report, please visit:
#   http://bugreport.java.com/bugreport/crash.jsp
# The crash happened outside the Java Virtual Machine in native code.
# See problematic frame for where to report the bug.
#

---------------  T H R E A D  ---------------

Current thread (0x000000000035f000):  JavaThread "main" [_thread_in_native, id=5288, stack(0x0000000002440000,0x0000000002540000)]

siginfo: ExceptionCode=0xc0000005, reading address 0x000000005767c87c

Registers:
RAX=0x0000000000000100, RBX=0x0000000057679be0, RCX=0x0000000059f7fd00, RDX=0x0000000000000033
RSP=0x000000000253ec58, RBP=0x0000000059f7fd00, RSI=0x0000000000002c9c, RDI=0x0000000000000000
R8 =0x0000000000000000, R9 =0x0000000000000033, R10=0x0000000000000438, R11=0x0000000059f7fd00
R12=0x0000000000000033, R13=0x0000000000000100, R14=0x0000000000002c9c, R15=0x0000000059f7fd00
RIP=0x000007feee226984, EFLAGS=0x0000000000010246

Top of Stack: (sp=0x000000000253ec58)
0x000000000253ec58:   0000000059f7fd00 0000000000000000
0x000000000253ec68:   0000000000000003 0000000000000033
0x000000000253ec78:   000007feee22c34f 0000000000000438
0x000000000253ec88:   0000000059f7fd00 0000000059f62d50
0x000000000253ec98:   0000000000000000 000000000253ee00
0x000000000253eca8:   000000006453b6cc 000000000253ee00
0x000000000253ecb8:   0000000000358150 0000000014cceecd
0x000000000253ecc8:   00000000000000ff 00000000028221b9
0x000000000253ecd8:   00000000646b926b 0000000000000002
0x000000000253ece8:   0000000000000000 0000000059f7fd00
0x000000000253ecf8:   00000000000000ff 000000005b574170
0x000000000253ed08:   00000000646eca28 000000000253ee00
0x000000000253ed18:   000000000253ee00 00000000ffffffff
0x000000000253ed28:   000000006453b6cc 0000000064a08ac8
0x000000000253ed38:   0000000000000000 00000000449c6000
0x000000000253ed48:   0000000000000000 0000000044192984 

Instructions: (pc=0x000007feee226984)
0x000007feee226964:   41 54 41 55 41 56 41 57 44 8b 71 34 41 bd 00 01
0x000007feee226974:   00 00 48 8b 59 08 41 8b f6 41 0f b7 c5 4c 63 ca
0x000007feee226984:   45 0f b6 1c 1e 44 0f af d8 41 0f b6 44 1e 01 66
0x000007feee226994:   44 03 d8 75 2b 41 0f b6 4c 1e 02 41 0f b6 44 1e 


Register to memory mapping:

RAX=0x0000000000000100 is an unknown value
RBX=0x0000000057679be0 is an unknown value
RCX=0x0000000059f7fd00 is an unknown value
RDX=0x0000000000000033 is an unknown value
RSP=0x000000000253ec58 is pointing into the stack for thread: 0x000000000035f000
RBP=0x0000000059f7fd00 is an unknown value
RSI=0x0000000000002c9c is an unknown value
RDI=0x0000000000000000 is an unknown value
R8 =0x0000000000000000 is an unknown value
R9 =0x0000000000000033 is an unknown value
R10=0x0000000000000438 is an unknown value
R11=0x0000000059f7fd00 is an unknown value
R12=0x0000000000000033 is an unknown value
R13=0x0000000000000100 is an unknown value
R14=0x0000000000002c9c is an unknown value
R15=0x0000000059f7fd00 is an unknown value


Stack: [0x0000000002440000,0x0000000002540000],  sp=0x000000000253ec58,  free space=1019k
Native frames: (J=compiled Java code, j=interpreted, Vv=VM code, C=native code)
C  [lwjgl_nanovg.dll+0x16984]
C  [lwjgl_nanovg.dll+0x1c34f]
C  [lwjgl_nanovg.dll+0x1d4de]
C  [lwjgl_nanovg.dll+0x1d0a0]
C  [lwjgl_nanovg.dll+0x318aa]
C  0x0000000002828c27

Java frames: (J=compiled Java code, j=interpreted, Vv=VM code)
j  org.lwjgl.nanovg.NanoVG.nnvgText(JFFJJ)F+0
j  org.lwjgl.nanovg.NanoVG.nvgText(JFFLjava/lang/CharSequence;)F+51
j  com.lwjglwrapper.nanovg.NVGGraphics.text(Ljava/lang/String;FF)V+7
j  nrco.objs.Points.render()V+62
j  nrco.states.GameState.lambda$render$5(Lnrco/objs/Points;)V+1
j  nrco.states.GameState$$Lambda$54.accept(Ljava/lang/Object;)V+4
J 756 C1 java.util.ArrayList.forEach(Ljava/util/function/Consumer;)V (75 bytes) @ 0x0000000002b18044 [0x0000000002b17e40+0x204]
j  nrco.states.GameState.render()V+92
j  com.lwjglwrapper.utils.states.GameStateLoop.render()V+22
j  nrco.MainGame.render()V+1
j  com.lwjglwrapper.display.Loop.run()V+113
j  nrco.MainGame.main([Ljava/lang/String;)V+7
v  ~StubRoutines::call_stub

---------------  P R O C E S S  ---------------

Java Threads: ( => current thread )
  0x00000000565df800 JavaThread "Service Thread" daemon [_thread_blocked, id=7116, stack(0x0000000056dc0000,0x0000000056ec0000)]
  0x0000000056561800 JavaThread "C1 CompilerThread2" daemon [_thread_blocked, id=3324, stack(0x0000000055ff0000,0x00000000560f0000)]
  0x000000005655e800 JavaThread "C2 CompilerThread1" daemon [_thread_blocked, id=5876, stack(0x0000000056c70000,0x0000000056d70000)]
  0x0000000056557000 JavaThread "C2 CompilerThread0" daemon [_thread_blocked, id=4068, stack(0x0000000056990000,0x0000000056a90000)]
  0x0000000056554800 JavaThread "Attach Listener" daemon [_thread_blocked, id=2824, stack(0x0000000056ae0000,0x0000000056be0000)]
  0x00000000550ac800 JavaThread "Signal Dispatcher" daemon [_thread_blocked, id=3128, stack(0x00000000561f0000,0x00000000562f0000)]
  0x000000005509a800 JavaThread "Finalizer" daemon [_thread_blocked, id=5680, stack(0x0000000056450000,0x0000000056550000)]
  0x0000000055093800 JavaThread "Reference Handler" daemon [_thread_blocked, id=6532, stack(0x0000000056340000,0x0000000056440000)]
=>0x000000000035f000 JavaThread "main" [_thread_in_native, id=5288, stack(0x0000000002440000,0x0000000002540000)]

Other Threads:
  0x000000005504c000 VMThread [stack: 0x00000000560f0000,0x00000000561f0000] [id=1480]
  0x0000000056594800 WatcherThread [stack: 0x0000000056f90000,0x0000000057090000] [id=4356]

VM state:not at safepoint (normal execution)

VM Mutex/Monitor currently owned by a thread: None

heap address: 0x00000000c0a00000, size: 1014 MB, Compressed Oops mode: 32-bit
Narrow klass base: 0x0000000000000000, Narrow klass shift: 0
Compressed class space size: 1073741824 Address: 0x00000000146c0000

Heap:
 PSYoungGen      total 18944K, used 4004K [0x00000000eae00000, 0x00000000ec300000, 0x0000000100000000)
  eden space 16384K, 8% used [0x00000000eae00000,0x00000000eaf6ce88,0x00000000ebe00000)
  from space 2560K, 99% used [0x00000000ebe00000,0x00000000ec07c260,0x00000000ec080000)
  to   space 2560K, 0% used [0x00000000ec080000,0x00000000ec080000,0x00000000ec300000)
 ParOldGen       total 44032K, used 1548K [0x00000000c0a00000, 0x00000000c3500000, 0x00000000eae00000)
  object space 44032K, 3% used [0x00000000c0a00000,0x00000000c0b83068,0x00000000c3500000)
 Metaspace       used 10351K, capacity 10703K, committed 10880K, reserved 1058816K
  class space    used 922K, capacity 1036K, committed 1152K, reserved 1048576K

Card table byte_map: [0x0000000011bd0000,0x0000000011dd0000] byte_map_base: 0x00000000115cb000

Marking Bits: (ParMarkBitMap*) 0x0000000064c35ce0
 Begin Bits: [0x0000000012510000, 0x00000000134e8000)
 End Bits:   [0x00000000134e8000, 0x00000000144c0000)

Polling page: 0x0000000000230000

CodeCache: size=245760Kb used=3358Kb max_used=3368Kb free=242401Kb
 bounds [0x0000000002810000, 0x0000000002b60000, 0x0000000011810000]
 total_blobs=1879 nmethods=886 adapters=906
 compilation: enabled

Compilation events (10 events):
Event: 3.985 Thread 0x0000000056561800  880       3       java.util.ArrayList::removeAll (12 bytes)
Event: 3.985 Thread 0x0000000056561800 nmethod 880 0x0000000002b56b90 code [0x0000000002b56d20, 0x0000000002b56ff8]
Event: 3.985 Thread 0x0000000056561800  882       3       java.lang.invoke.LambdaForm$MH/1413653265::linkToTargetMethod (9 bytes)
Event: 3.985 Thread 0x0000000056561800 nmethod 882 0x0000000002b57150 code [0x0000000002b572c0, 0x0000000002b57658]
Event: 3.985 Thread 0x0000000056561800  883       3       java.lang.invoke.LambdaForm$DMH/876563773::invokeStatic_F_L (14 bytes)
Event: 3.985 Thread 0x0000000056561800 nmethod 883 0x0000000002b57750 code [0x0000000002b578e0, 0x0000000002b57d58]
Event: 3.985 Thread 0x0000000056561800  884       3       org.lwjgl.opengl.GL20::glUseProgram (5 bytes)
Event: 3.985 Thread 0x0000000056561800 nmethod 884 0x0000000002b57e90 code [0x0000000002b58000, 0x0000000002b58168]
Event: 4.051 Thread 0x000000005655e800  886       4       java.lang.ref.Reference::<init> (25 bytes)
Event: 4.052 Thread 0x000000005655e800 nmethod 886 0x0000000002b47a90 code [0x0000000002b47bc0, 0x0000000002b47c58]

GC Heap History (2 events):
Event: 0.812 GC heap before
{Heap before GC invocations=1 (full 0):
 PSYoungGen      total 18944K, used 16384K [0x00000000eae00000, 0x00000000ec300000, 0x0000000100000000)
  eden space 16384K, 100% used [0x00000000eae00000,0x00000000ebe00000,0x00000000ebe00000)
  from space 2560K, 0% used [0x00000000ec080000,0x00000000ec080000,0x00000000ec300000)
  to   space 2560K, 0% used [0x00000000ebe00000,0x00000000ebe00000,0x00000000ec080000)
 ParOldGen       total 44032K, used 0K [0x00000000c0a00000, 0x00000000c3500000, 0x00000000eae00000)
  object space 44032K, 0% used [0x00000000c0a00000,0x00000000c0a00000,0x00000000c3500000)
 Metaspace       used 9953K, capacity 10301K, committed 10496K, reserved 1058816K
  class space    used 891K, capacity 1021K, committed 1024K, reserved 1048576K
Event: 0.816 GC heap after
Heap after GC invocations=1 (full 0):
 PSYoungGen      total 18944K, used 2544K [0x00000000eae00000, 0x00000000ec300000, 0x0000000100000000)
  eden space 16384K, 0% used [0x00000000eae00000,0x00000000eae00000,0x00000000ebe00000)
  from space 2560K, 99% used [0x00000000ebe00000,0x00000000ec07c260,0x00000000ec080000)
  to   space 2560K, 0% used [0x00000000ec080000,0x00000000ec080000,0x00000000ec300000)
 ParOldGen       total 44032K, used 1548K [0x00000000c0a00000, 0x00000000c3500000, 0x00000000eae00000)
  object space 44032K, 3% used [0x00000000c0a00000,0x00000000c0b83068,0x00000000c3500000)
 Metaspace       used 9953K, capacity 10301K, committed 10496K, reserved 1058816K
  class space    used 891K, capacity 1021K, committed 1024K, reserved 1048576K
}

Deoptimization events (0 events):
No events

Classes redefined (0 events):
No events

Internal exceptions (10 events):
Event: 0.117 Thread 0x000000000035f000 Exception <a 'java/lang/NoSuchFieldError': method resolution failed> (0x00000000eb0df3e0) thrown at [C:\re\workspace\8-2-build-windows-amd64-cygwin\jdk8u211\12973\hotspot\src\share\vm\prims\methodHandles.cpp, line 1167]
Event: 0.119 Thread 0x000000000035f000 Exception <a 'java/lang/NoSuchFieldError': method resolution failed> (0x00000000eb0ec7f0) thrown at [C:\re\workspace\8-2-build-windows-amd64-cygwin\jdk8u211\12973\hotspot\src\share\vm\prims\methodHandles.cpp, line 1167]
Event: 0.165 Thread 0x000000000035f000 Exception <a 'java/security/PrivilegedActionException'> (0x00000000eb232560) thrown at [C:\re\workspace\8-2-build-windows-amd64-cygwin\jdk8u211\12973\hotspot\src\share\vm\prims\jvm.cpp, line 1502]
Event: 0.165 Thread 0x000000000035f000 Exception <a 'java/security/PrivilegedActionException'> (0x00000000eb232770) thrown at [C:\re\workspace\8-2-build-windows-amd64-cygwin\jdk8u211\12973\hotspot\src\share\vm\prims\jvm.cpp, line 1502]
Event: 0.166 Thread 0x000000000035f000 Exception <a 'java/security/PrivilegedActionException'> (0x00000000eb236680) thrown at [C:\re\workspace\8-2-build-windows-amd64-cygwin\jdk8u211\12973\hotspot\src\share\vm\prims\jvm.cpp, line 1502]
Event: 0.166 Thread 0x000000000035f000 Exception <a 'java/security/PrivilegedActionException'> (0x00000000eb236890) thrown at [C:\re\workspace\8-2-build-windows-amd64-cygwin\jdk8u211\12973\hotspot\src\share\vm\prims\jvm.cpp, line 1502]
Event: 0.493 Thread 0x000000000035f000 Exception <a 'sun/nio/fs/WindowsException'> (0x00000000eb514140) thrown at [C:\re\workspace\8-2-build-windows-amd64-cygwin\jdk8u211\12973\hotspot\src\share\vm\prims\jni.cpp, line 710]
Event: 0.494 Thread 0x000000000035f000 Exception <a 'sun/nio/fs/WindowsException'> (0x00000000eb514950) thrown at [C:\re\workspace\8-2-build-windows-amd64-cygwin\jdk8u211\12973\hotspot\src\share\vm\prims\jni.cpp, line 710]
Event: 0.769 Thread 0x000000000035f000 Exception <a 'java/lang/NoSuchMethodError': java.lang.Object.lambda$static$0(Lcom/lwjglwrapper/nanovg/NVGGraphics;)V> (0x00000000ebcc7cc8) thrown at [C:\re\workspace\8-2-build-windows-amd64-cygwin\jdk8u211\12973\hotspot\src\share\vm\interpreter\linkResolv
Event: 1.751 Thread 0x000000000035f000 Exception <a 'java/io/FileNotFoundException'> (0x00000000eaeb6d90) thrown at [C:\re\workspace\8-2-build-windows-amd64-cygwin\jdk8u211\12973\hotspot\src\share\vm\prims\jni.cpp, line 710]

Events (10 events):
Event: 1.752 loading class java/awt/Insets
Event: 1.752 loading class java/awt/Insets done
Event: 1.752 loading class java/lang/StrictMath
Event: 1.752 loading class java/lang/StrictMath done
Event: 3.767 loading class com/lwjglwrapper/display/Keyboard
Event: 3.767 loading class com/lwjglwrapper/display/Keyboard done
Event: 3.767 loading class com/lwjglwrapper/display/Mouse
Event: 3.767 loading class com/lwjglwrapper/display/Mouse done
Event: 4.208 Executing VM operation: EnableBiasedLocking
Event: 4.208 Executing VM operation: EnableBiasedLocking done


Dynamic libraries:
0x000000013f110000 - 0x000000013f147000 	C:\Program Files\Java\jdk1.8.0_211\bin\java.exe
0x0000000077640000 - 0x00000000777ea000 	C:\Windows\SYSTEM32\ntdll.dll
0x0000000077520000 - 0x000000007763f000 	C:\Windows\system32\kernel32.dll
0x000007fefd8f0000 - 0x000007fefd95a000 	C:\Windows\system32\KERNELBASE.dll
0x000007fefede0000 - 0x000007fefeebb000 	C:\Windows\system32\ADVAPI32.dll
0x000007feff500000 - 0x000007feff59f000 	C:\Windows\system32\msvcrt.dll
0x000007feff0d0000 - 0x000007feff0ef000 	C:\Windows\SYSTEM32\sechost.dll
0x000007feff7d0000 - 0x000007feff8fd000 	C:\Windows\system32\RPCRT4.dll
0x0000000077420000 - 0x000000007751a000 	C:\Windows\system32\USER32.dll
0x000007feff640000 - 0x000007feff6a7000 	C:\Windows\system32\GDI32.dll
0x000007fefecc0000 - 0x000007fefecce000 	C:\Windows\system32\LPK.dll
0x000007fefd9c0000 - 0x000007fefda8a000 	C:\Windows\system32\USP10.dll
0x000007fefb9a0000 - 0x000007fefbb94000 	C:\Windows\WinSxS\amd64_microsoft.windows.common-controls_6595b64144ccf1df_6.0.7601.18837_none_fa3b1e3d17594757\COMCTL32.dll
0x000007feff750000 - 0x000007feff7c1000 	C:\Windows\system32\SHLWAPI.dll
0x000007fefeb90000 - 0x000007fefebbe000 	C:\Windows\system32\IMM32.DLL
0x000007fefecd0000 - 0x000007fefedd9000 	C:\Windows\system32\MSCTF.dll
0x0000000064cc0000 - 0x0000000064d92000 	C:\Program Files\Java\jdk1.8.0_211\jre\bin\msvcr100.dll
0x0000000064410000 - 0x0000000064cb5000 	C:\Program Files\Java\jdk1.8.0_211\jre\bin\server\jvm.dll
0x000007fefa7e0000 - 0x000007fefa7e9000 	C:\Windows\system32\WSOCK32.dll
0x000007feff900000 - 0x000007feff94d000 	C:\Windows\system32\WS2_32.dll
0x000007fefdc10000 - 0x000007fefdc18000 	C:\Windows\system32\NSI.dll
0x000007fefad20000 - 0x000007fefad5b000 	C:\Windows\system32\WINMM.dll
0x000007fefc590000 - 0x000007fefc59c000 	C:\Windows\system32\VERSION.dll
0x0000000077800000 - 0x0000000077807000 	C:\Windows\system32\PSAPI.DLL
0x000007fefbcd0000 - 0x000007fefbcdf000 	C:\Program Files\Java\jdk1.8.0_211\jre\bin\verify.dll
0x000007fefa590000 - 0x000007fefa5b9000 	C:\Program Files\Java\jdk1.8.0_211\jre\bin\java.dll
0x000007fefa7c0000 - 0x000007fefa7d6000 	C:\Program Files\Java\jdk1.8.0_211\jre\bin\zip.dll
0x000007fefdc20000 - 0x000007fefe9a9000 	C:\Windows\system32\SHELL32.dll
0x000007fefeec0000 - 0x000007feff0c3000 	C:\Windows\system32\ole32.dll
0x000007fefd590000 - 0x000007fefd59f000 	C:\Windows\system32\profapi.dll
0x000007fefa570000 - 0x000007fefa58a000 	C:\Program Files\Java\jdk1.8.0_211\jre\bin\net.dll
0x000007fefda90000 - 0x000007fefdc08000 	C:\Windows\system32\urlmon.dll
0x000007feff0f0000 - 0x000007feff21a000 	C:\Windows\system32\WININET.dll
0x000007feff220000 - 0x000007feff479000 	C:\Windows\system32\iertutil.dll
0x000007fefebc0000 - 0x000007fefec98000 	C:\Windows\system32\OLEAUT32.dll
0x000007fefd780000 - 0x000007fefd8ed000 	C:\Windows\system32\CRYPT32.dll
0x000007fefd630000 - 0x000007fefd63f000 	C:\Windows\system32\MSASN1.dll
0x000007fefce00000 - 0x000007fefce55000 	C:\Windows\system32\mswsock.dll
0x000007fefcdf0000 - 0x000007fefcdf7000 	C:\Windows\System32\wship6.dll
0x000007fefa7a0000 - 0x000007fefa7b2000 	C:\Program Files\Java\jdk1.8.0_211\jre\bin\nio.dll
0x000007fef4260000 - 0x000007fef42c3000 	C:\Users\Welcome\AppData\Local\Temp\lwjglWelcome\3.2.1-build-12\lwjgl.dll
0x000007fefc690000 - 0x000007fefc693000 	C:\Windows\system32\api-ms-win-core-synch-l1-2-0.DLL
0x000007fef5fb0000 - 0x000007fef600e000 	C:\Users\Welcome\AppData\Local\Temp\lwjglWelcome\3.2.1-build-12\glfw.dll
0x000007fefb860000 - 0x000007fefb8b6000 	C:\Windows\system32\uxtheme.dll
0x000007fef3f40000 - 0x000007fef3f7c000 	C:\Windows\system32\dinput8.dll
0x0000000000400000 - 0x000000000041e000 	C:\Windows\system32\xinput1_3.dll
0x000007fefe9b0000 - 0x000007fefeb87000 	C:\Windows\system32\SETUPAPI.dll
0x000007fefd6a0000 - 0x000007fefd6d6000 	C:\Windows\system32\CFGMGR32.dll
0x000007fefd640000 - 0x000007fefd65a000 	C:\Windows\system32\DEVOBJ.dll
0x000007fefaa80000 - 0x000007fefaa98000 	C:\Windows\system32\dwmapi.dll
0x000007fefb0d0000 - 0x000007fefb0db000 	C:\Windows\system32\HID.DLL
0x000007fefd660000 - 0x000007fefd69b000 	C:\Windows\system32\WINTRUST.dll
0x000007fef7e50000 - 0x000007fef7f6d000 	C:\Windows\system32\opengl32.dll
0x000007fefa4e0000 - 0x000007fefa50d000 	C:\Windows\system32\GLU32.dll
0x000007fefa3e0000 - 0x000007fefa4d1000 	C:\Windows\system32\DDRAW.dll
0x000007fefa550000 - 0x000007fefa558000 	C:\Windows\system32\DCIMAN32.dll
0x000000005fda0000 - 0x0000000061f7e000 	C:\Windows\system32\nvoglv64.DLL
0x000007fefc810000 - 0x000007fefc821000 	C:\Windows\system32\WTSAPI32.dll
0x000007fefc240000 - 0x000007fefc26d000 	C:\Windows\system32\ntmarta.dll
0x000007fefd960000 - 0x000007fefd9b2000 	C:\Windows\system32\WLDAP32.dll
0x000007feefbb0000 - 0x000007feefe04000 	C:\Windows\system32\nvspcap64.dll
0x000007fefc9b0000 - 0x000007fefc9ed000 	C:\Windows\system32\WINSTA.dll
0x000007fef1ff0000 - 0x000007fef2048000 	C:\Users\Welcome\AppData\Local\Temp\lwjglWelcome\3.2.1-build-12\lwjgl_opengl.dll
0x000007fefd4c0000 - 0x000007fefd4cf000 	C:\Windows\system32\CRYPTBASE.dll
0x000007feee210000 - 0x000007feee29e000 	C:\Users\Welcome\AppData\Local\Temp\lwjglWelcome\3.2.1-build-12\lwjgl_nanovg.dll
0x000007fef1f70000 - 0x000007fef1fe9000 	C:\Users\Welcome\AppData\Local\Temp\lwjglWelcome\3.2.1-build-12\lwjgl_stb.dll
0x000007fef40a0000 - 0x000007fef4239000 	C:\Program Files\Java\jdk1.8.0_211\jre\bin\awt.dll
0x000007fef29b0000 - 0x000007fef2ad5000 	C:\Windows\system32\dbghelp.dll

VM Arguments:
jvm_args: -Dfile.encoding=UTF-8 
java_command: nrco.MainGame
java_class_path (initial): D:\NGO DUY ANH\NetBeansProjects\NRCO_LWJGLRemake\lib\LWJGL\lwjgl-glfw.jar;D:\NGO DUY ANH\NetBeansProjects\NRCO_LWJGLRemake\lib\LWJGL\lwjgl-openal.jar;D:\NGO DUY ANH\NetBeansProjects\NRCO_LWJGLRemake\lib\LWJGL\lwjgl-opengl.jar;D:\NGO DUY ANH\NetBeansProjects\NRCO_LWJGLRemake\lib\LWJGL\lwjgl-stb.jar;D:\NGO DUY ANH\NetBeansProjects\NRCO_LWJGLRemake\lib\LWJGL\lwjgl.jar;D:\NGO DUY ANH\NetBeansProjects\NRCO_LWJGLRemake\lib\LWJGL\slick-util.jar;D:\NGO DUY ANH\NetBeansProjects\NRCO_LWJGLRemake\lib\LWJGL\lwjgl-assimp.jar;D:\NGO DUY ANH\NetBeansProjects\NRCO_LWJGLRemake\lib\LWJGL\lwjgl-assimp-natives-windows.jar;D:\NGO DUY ANH\NetBeansProjects\NRCO_LWJGLRemake\lib\LWJGL\lwjgl-glfw-natives-windows.jar;D:\NGO DUY ANH\NetBeansProjects\NRCO_LWJGLRemake\lib\LWJGL\lwjgl-natives-windows.jar;D:\NGO DUY ANH\NetBeansProjects\NRCO_LWJGLRemake\lib\LWJGL\lwjgl-openal-natives-windows.jar;D:\NGO DUY ANH\NetBeansProjects\NRCO_LWJGLRemake\lib\LWJGL\lwjgl-opengl-natives-windows.jar;D:\NGO DUY ANH\NetBeansProjects\NRCO_LWJGLRemake\lib\LWJGL\lwjgl-stb-natives-windows.jar;D:\NGO DUY ANH\NetBeansProjects\NRCO_LWJGLRemake\lib\LWJGL\joml-1.9.14.jar;D:\NGO DUY ANH\NetBeansProjects\NRCO_LWJGLRemake\lib\LWJGL\lwjgl-nanovg-natives-windows.jar;D:\NGO DUY ANH\NetBeansProjects\NRCO_LWJGLRemake\lib\LWJGL\lwjgl-nanovg.jar;D:\NGO DUY ANH\NetBeansProjects\NRCO_LWJGLRemake\lib\LWJGL\obj-0.3.0.jar;D:\NGO DUY ANH\NetBeansProjects\NRCO_LWJGLRemake\lib\LWJGL\tween-engine-api.jar;D:\NGO DUY ANH\NetBeansProjects\LWJGLWrapper\build\classes;D:\NGO DUY ANH\NetBeansProjects\NRCO_LWJGLRemake\build\classes
Launcher Type: SUN_STANDARD

Environment Variables:
PATH=C:\Programs;C:\Programs\ffmpeg-4.1.3-win64-static\bin\;C:\Program Files\Java\jdk1.8.0_211\bin;C:\Program Files\VideoLAN\VLC\;C:\Program Files\CMake\bin
USERNAME=Welcome
OS=Windows_NT
PROCESSOR_IDENTIFIER=Intel64 Family 6 Model 158 Stepping 9, GenuineIntel



---------------  S Y S T E M  ---------------

OS: Windows 7 , 64 bit Build 7601 (6.1.7601.23418)

CPU:total 4 (initial active 4) (2 cores per cpu, 2 threads per core) family 6 model 158 stepping 9, cmov, cx8, fxsr, mmx, sse, sse2, sse3, ssse3, sse4.1, sse4.2, popcnt, avx, avx2, aes, clmul, erms, 3dnowpref, lzcnt, ht, tsc, tscinvbit, bmi1, bmi2, adx

Memory: 4k page, physical 4152016k(910548k free), swap 8302172k(2586044k free)

vm_info: Java HotSpot(TM) 64-Bit Server VM (25.211-b12) for windows-amd64 JRE (1.8.0_211-b12), built on Apr  1 2019 20:53:26 by "java_re" with MS VC++ 10.0 (VS2010)

time: Wed Jul 24 12:59:38 2019
timezone: SE Asia Standard Time
elapsed time: 4 seconds (0d 0h 0m 4s)

